-------------------------------------------------------------------------------
Test set: com.example.chetak.LeaveApplicationTests
-------------------------------------------------------------------------------
Tests run: 1, Failures: 0, Errors: 1, Skipped: 0, Time elapsed: 2.354 s <<< FAILURE! - in com.example.chetak.LeaveApplicationTests
contextLoads(com.example.chetak.LeaveApplicationTests)  Time elapsed: 0.003 s  <<< ERROR!
java.lang.IllegalStateException: Failed to load ApplicationContext
Caused by: org.springframework.beans.factory.UnsatisfiedDependencyException: Error creating bean with name 'jaxRestController': Unsatisfied dependency expressed through field 'empService'; nested exception is org.springframework.beans.factory.UnsatisfiedDependencyException: Error creating bean with name 'employeeService': Unsatisfied dependency expressed through field 'empRepo'; nested exception is org.springframework.beans.factory.BeanCreationException: Error creating bean with name 'org.springframework.boot.autoconfigure.data.couchbase.SpringBootCouchbaseDataConfiguration': Bean instantiation via constructor failed; nested exception is org.springframework.beans.BeanInstantiationException: Failed to instantiate [org.springframework.boot.autoconfigure.data.couchbase.SpringBootCouchbaseDataConfiguration$$EnhancerBySpringCGLIB$$e1a3c3e0]: Constructor threw exception; nested exception is org.springframework.beans.factory.BeanCreationException: Error creating bean with name 'springBootCouchbaseConfigurer' defined in class path resource [org/springframework/boot/autoconfigure/data/couchbase/CouchbaseConfigurerAdapterConfiguration.class]: Bean instantiation via factory method failed; nested exception is org.springframework.beans.BeanInstantiationException: Failed to instantiate [org.springframework.data.couchbase.config.CouchbaseConfigurer]: Factory method 'springBootCouchbaseConfigurer' threw exception; nested exception is org.springframework.beans.factory.BeanCreationException: Error creating bean with name 'couchbaseClient' defined in class path resource [org/springframework/boot/autoconfigure/couchbase/CouchbaseAutoConfiguration$CouchbaseConfiguration.class]: Bean instantiation via factory method failed; nested exception is org.springframework.beans.BeanInstantiationException: Failed to instantiate [com.couchbase.client.java.Bucket]: Factory method 'couchbaseClient' threw exception; nested exception is com.couchbase.client.core.config.ConfigurationException: Could not open bucket.
Caused by: org.springframework.beans.factory.UnsatisfiedDependencyException: Error creating bean with name 'employeeService': Unsatisfied dependency expressed through field 'empRepo'; nested exception is org.springframework.beans.factory.BeanCreationException: Error creating bean with name 'org.springframework.boot.autoconfigure.data.couchbase.SpringBootCouchbaseDataConfiguration': Bean instantiation via constructor failed; nested exception is org.springframework.beans.BeanInstantiationException: Failed to instantiate [org.springframework.boot.autoconfigure.data.couchbase.SpringBootCouchbaseDataConfiguration$$EnhancerBySpringCGLIB$$e1a3c3e0]: Constructor threw exception; nested exception is org.springframework.beans.factory.BeanCreationException: Error creating bean with name 'springBootCouchbaseConfigurer' defined in class path resource [org/springframework/boot/autoconfigure/data/couchbase/CouchbaseConfigurerAdapterConfiguration.class]: Bean instantiation via factory method failed; nested exception is org.springframework.beans.BeanInstantiationException: Failed to instantiate [org.springframework.data.couchbase.config.CouchbaseConfigurer]: Factory method 'springBootCouchbaseConfigurer' threw exception; nested exception is org.springframework.beans.factory.BeanCreationException: Error creating bean with name 'couchbaseClient' defined in class path resource [org/springframework/boot/autoconfigure/couchbase/CouchbaseAutoConfiguration$CouchbaseConfiguration.class]: Bean instantiation via factory method failed; nested exception is org.springframework.beans.BeanInstantiationException: Failed to instantiate [com.couchbase.client.java.Bucket]: Factory method 'couchbaseClient' threw exception; nested exception is com.couchbase.client.core.config.ConfigurationException: Could not open bucket.
Caused by: org.springframework.beans.factory.BeanCreationException: Error creating bean with name 'org.springframework.boot.autoconfigure.data.couchbase.SpringBootCouchbaseDataConfiguration': Bean instantiation via constructor failed; nested exception is org.springframework.beans.BeanInstantiationException: Failed to instantiate [org.springframework.boot.autoconfigure.data.couchbase.SpringBootCouchbaseDataConfiguration$$EnhancerBySpringCGLIB$$e1a3c3e0]: Constructor threw exception; nested exception is org.springframework.beans.factory.BeanCreationException: Error creating bean with name 'springBootCouchbaseConfigurer' defined in class path resource [org/springframework/boot/autoconfigure/data/couchbase/CouchbaseConfigurerAdapterConfiguration.class]: Bean instantiation via factory method failed; nested exception is org.springframework.beans.BeanInstantiationException: Failed to instantiate [org.springframework.data.couchbase.config.CouchbaseConfigurer]: Factory method 'springBootCouchbaseConfigurer' threw exception; nested exception is org.springframework.beans.factory.BeanCreationException: Error creating bean with name 'couchbaseClient' defined in class path resource [org/springframework/boot/autoconfigure/couchbase/CouchbaseAutoConfiguration$CouchbaseConfiguration.class]: Bean instantiation via factory method failed; nested exception is org.springframework.beans.BeanInstantiationException: Failed to instantiate [com.couchbase.client.java.Bucket]: Factory method 'couchbaseClient' threw exception; nested exception is com.couchbase.client.core.config.ConfigurationException: Could not open bucket.
Caused by: org.springframework.beans.BeanInstantiationException: Failed to instantiate [org.springframework.boot.autoconfigure.data.couchbase.SpringBootCouchbaseDataConfiguration$$EnhancerBySpringCGLIB$$e1a3c3e0]: Constructor threw exception; nested exception is org.springframework.beans.factory.BeanCreationException: Error creating bean with name 'springBootCouchbaseConfigurer' defined in class path resource [org/springframework/boot/autoconfigure/data/couchbase/CouchbaseConfigurerAdapterConfiguration.class]: Bean instantiation via factory method failed; nested exception is org.springframework.beans.BeanInstantiationException: Failed to instantiate [org.springframework.data.couchbase.config.CouchbaseConfigurer]: Factory method 'springBootCouchbaseConfigurer' threw exception; nested exception is org.springframework.beans.factory.BeanCreationException: Error creating bean with name 'couchbaseClient' defined in class path resource [org/springframework/boot/autoconfigure/couchbase/CouchbaseAutoConfiguration$CouchbaseConfiguration.class]: Bean instantiation via factory method failed; nested exception is org.springframework.beans.BeanInstantiationException: Failed to instantiate [com.couchbase.client.java.Bucket]: Factory method 'couchbaseClient' threw exception; nested exception is com.couchbase.client.core.config.ConfigurationException: Could not open bucket.
Caused by: org.springframework.beans.factory.BeanCreationException: Error creating bean with name 'springBootCouchbaseConfigurer' defined in class path resource [org/springframework/boot/autoconfigure/data/couchbase/CouchbaseConfigurerAdapterConfiguration.class]: Bean instantiation via factory method failed; nested exception is org.springframework.beans.BeanInstantiationException: Failed to instantiate [org.springframework.data.couchbase.config.CouchbaseConfigurer]: Factory method 'springBootCouchbaseConfigurer' threw exception; nested exception is org.springframework.beans.factory.BeanCreationException: Error creating bean with name 'couchbaseClient' defined in class path resource [org/springframework/boot/autoconfigure/couchbase/CouchbaseAutoConfiguration$CouchbaseConfiguration.class]: Bean instantiation via factory method failed; nested exception is org.springframework.beans.BeanInstantiationException: Failed to instantiate [com.couchbase.client.java.Bucket]: Factory method 'couchbaseClient' threw exception; nested exception is com.couchbase.client.core.config.ConfigurationException: Could not open bucket.
Caused by: org.springframework.beans.BeanInstantiationException: Failed to instantiate [org.springframework.data.couchbase.config.CouchbaseConfigurer]: Factory method 'springBootCouchbaseConfigurer' threw exception; nested exception is org.springframework.beans.factory.BeanCreationException: Error creating bean with name 'couchbaseClient' defined in class path resource [org/springframework/boot/autoconfigure/couchbase/CouchbaseAutoConfiguration$CouchbaseConfiguration.class]: Bean instantiation via factory method failed; nested exception is org.springframework.beans.BeanInstantiationException: Failed to instantiate [com.couchbase.client.java.Bucket]: Factory method 'couchbaseClient' threw exception; nested exception is com.couchbase.client.core.config.ConfigurationException: Could not open bucket.
Caused by: org.springframework.beans.factory.BeanCreationException: Error creating bean with name 'couchbaseClient' defined in class path resource [org/springframework/boot/autoconfigure/couchbase/CouchbaseAutoConfiguration$CouchbaseConfiguration.class]: Bean instantiation via factory method failed; nested exception is org.springframework.beans.BeanInstantiationException: Failed to instantiate [com.couchbase.client.java.Bucket]: Factory method 'couchbaseClient' threw exception; nested exception is com.couchbase.client.core.config.ConfigurationException: Could not open bucket.
Caused by: org.springframework.beans.BeanInstantiationException: Failed to instantiate [com.couchbase.client.java.Bucket]: Factory method 'couchbaseClient' threw exception; nested exception is com.couchbase.client.core.config.ConfigurationException: Could not open bucket.
Caused by: com.couchbase.client.core.config.ConfigurationException: Could not open bucket.
Caused by: com.couchbase.client.deps.io.netty.channel.AbstractChannel$AnnotatedConnectException: Connection refused: localhost/127.0.0.1:8091
Caused by: java.net.ConnectException: Connection refused

