<?xml version="1.0" encoding="UTF-8"?>
<testsuite xmlns:xsi="http://www.w3.org/2001/XMLSchema-instance" xsi:noNamespaceSchemaLocation="https://maven.apache.org/surefire/maven-surefire-plugin/xsd/surefire-test-report.xsd" name="com.example.chetak.LeaveApplicationTests" time="2.354" tests="1" errors="1" skipped="0" failures="0">
  <properties>
[...]
</properties>
  <testcase name="contextLoads" classname="com.example.chetak.LeaveApplicationTests" time="0.003">
    <error message="Failed to load ApplicationContext" type="java.lang.IllegalStateException">java.lang.IllegalStateException: Failed to load ApplicationContext
Caused by: org.springframework.beans.factory.UnsatisfiedDependencyException: Error creating bean with name 'jaxRestController': Unsatisfied dependency expressed through field 'empService'; nested exception is org.springframework.beans.factory.UnsatisfiedDependencyException: Error creating bean with name 'employeeService': Unsatisfied dependency expressed through field 'empRepo'; nested exception is org.springframework.beans.factory.BeanCreationException: Error creating bean with name 'org.springframework.boot.autoconfigure.data.couchbase.SpringBootCouchbaseDataConfiguration': Bean instantiation via constructor failed; nested exception is org.springframework.beans.BeanInstantiationException: Failed to instantiate [org.springframework.boot.autoconfigure.data.couchbase.SpringBootCouchbaseDataConfiguration$$EnhancerBySpringCGLIB$$e1a3c3e0]: Constructor threw exception; nested exception is org.springframework.beans.factory.BeanCreationException: Error creating bean with name 'springBootCouchbaseConfigurer' defined in class path resource [org/springframework/boot/autoconfigure/data/couchbase/CouchbaseConfigurerAdapterConfiguration.class]: Bean instantiation via factory method failed; nested exception is org.springframework.beans.BeanInstantiationException: Failed to instantiate [org.springframework.data.couchbase.config.CouchbaseConfigurer]: Factory method 'springBootCouchbaseConfigurer' threw exception; nested exception is org.springframework.beans.factory.BeanCreationException: Error creating bean with name 'couchbaseClient' defined in class path resource [org/springframework/boot/autoconfigure/couchbase/CouchbaseAutoConfiguration$CouchbaseConfiguration.class]: Bean instantiation via factory method failed; nested exception is org.springframework.beans.BeanInstantiationException: Failed to instantiate [com.couchbase.client.java.Bucket]: Factory method 'couchbaseClient' threw exception; nested exception is com.couchbase.client.core.config.ConfigurationException: Could not open bucket.
Caused by: org.springframework.beans.factory.UnsatisfiedDependencyException: Error creating bean with name 'employeeService': Unsatisfied dependency expressed through field 'empRepo'; nested exception is org.springframework.beans.factory.BeanCreationException: Error creating bean with name 'org.springframework.boot.autoconfigure.data.couchbase.SpringBootCouchbaseDataConfiguration': Bean instantiation via constructor failed; nested exception is org.springframework.beans.BeanInstantiationException: Failed to instantiate [org.springframework.boot.autoconfigure.data.couchbase.SpringBootCouchbaseDataConfiguration$$EnhancerBySpringCGLIB$$e1a3c3e0]: Constructor threw exception; nested exception is org.springframework.beans.factory.BeanCreationException: Error creating bean with name 'springBootCouchbaseConfigurer' defined in class path resource [org/springframework/boot/autoconfigure/data/couchbase/CouchbaseConfigurerAdapterConfiguration.class]: Bean instantiation via factory method failed; nested exception is org.springframework.beans.BeanInstantiationException: Failed to instantiate [org.springframework.data.couchbase.config.CouchbaseConfigurer]: Factory method 'springBootCouchbaseConfigurer' threw exception; nested exception is org.springframework.beans.factory.BeanCreationException: Error creating bean with name 'couchbaseClient' defined in class path resource [org/springframework/boot/autoconfigure/couchbase/CouchbaseAutoConfiguration$CouchbaseConfiguration.class]: Bean instantiation via factory method failed; nested exception is org.springframework.beans.BeanInstantiationException: Failed to instantiate [com.couchbase.client.java.Bucket]: Factory method 'couchbaseClient' threw exception; nested exception is com.couchbase.client.core.config.ConfigurationException: Could not open bucket.
Caused by: org.springframework.beans.factory.BeanCreationException: Error creating bean with name 'org.springframework.boot.autoconfigure.data.couchbase.SpringBootCouchbaseDataConfiguration': Bean instantiation via constructor failed; nested exception is org.springframework.beans.BeanInstantiationException: Failed to instantiate [org.springframework.boot.autoconfigure.data.couchbase.SpringBootCouchbaseDataConfiguration$$EnhancerBySpringCGLIB$$e1a3c3e0]: Constructor threw exception; nested exception is org.springframework.beans.factory.BeanCreationException: Error creating bean with name 'springBootCouchbaseConfigurer' defined in class path resource [org/springframework/boot/autoconfigure/data/couchbase/CouchbaseConfigurerAdapterConfiguration.class]: Bean instantiation via factory method failed; nested exception is org.springframework.beans.BeanInstantiationException: Failed to instantiate [org.springframework.data.couchbase.config.CouchbaseConfigurer]: Factory method 'springBootCouchbaseConfigurer' threw exception; nested exception is org.springframework.beans.factory.BeanCreationException: Error creating bean with name 'couchbaseClient' defined in class path resource [org/springframework/boot/autoconfigure/couchbase/CouchbaseAutoConfiguration$CouchbaseConfiguration.class]: Bean instantiation via factory method failed; nested exception is org.springframework.beans.BeanInstantiationException: Failed to instantiate [com.couchbase.client.java.Bucket]: Factory method 'couchbaseClient' threw exception; nested exception is com.couchbase.client.core.config.ConfigurationException: Could not open bucket.
Caused by: org.springframework.beans.BeanInstantiationException: Failed to instantiate [org.springframework.boot.autoconfigure.data.couchbase.SpringBootCouchbaseDataConfiguration$$EnhancerBySpringCGLIB$$e1a3c3e0]: Constructor threw exception; nested exception is org.springframework.beans.factory.BeanCreationException: Error creating bean with name 'springBootCouchbaseConfigurer' defined in class path resource [org/springframework/boot/autoconfigure/data/couchbase/CouchbaseConfigurerAdapterConfiguration.class]: Bean instantiation via factory method failed; nested exception is org.springframework.beans.BeanInstantiationException: Failed to instantiate [org.springframework.data.couchbase.config.CouchbaseConfigurer]: Factory method 'springBootCouchbaseConfigurer' threw exception; nested exception is org.springframework.beans.factory.BeanCreationException: Error creating bean with name 'couchbaseClient' defined in class path resource [org/springframework/boot/autoconfigure/couchbase/CouchbaseAutoConfiguration$CouchbaseConfiguration.class]: Bean instantiation via factory method failed; nested exception is org.springframework.beans.BeanInstantiationException: Failed to instantiate [com.couchbase.client.java.Bucket]: Factory method 'couchbaseClient' threw exception; nested exception is com.couchbase.client.core.config.ConfigurationException: Could not open bucket.
Caused by: org.springframework.beans.factory.BeanCreationException: Error creating bean with name 'springBootCouchbaseConfigurer' defined in class path resource [org/springframework/boot/autoconfigure/data/couchbase/CouchbaseConfigurerAdapterConfiguration.class]: Bean instantiation via factory method failed; nested exception is org.springframework.beans.BeanInstantiationException: Failed to instantiate [org.springframework.data.couchbase.config.CouchbaseConfigurer]: Factory method 'springBootCouchbaseConfigurer' threw exception; nested exception is org.springframework.beans.factory.BeanCreationException: Error creating bean with name 'couchbaseClient' defined in class path resource [org/springframework/boot/autoconfigure/couchbase/CouchbaseAutoConfiguration$CouchbaseConfiguration.class]: Bean instantiation via factory method failed; nested exception is org.springframework.beans.BeanInstantiationException: Failed to instantiate [com.couchbase.client.java.Bucket]: Factory method 'couchbaseClient' threw exception; nested exception is com.couchbase.client.core.config.ConfigurationException: Could not open bucket.
Caused by: org.springframework.beans.BeanInstantiationException: Failed to instantiate [org.springframework.data.couchbase.config.CouchbaseConfigurer]: Factory method 'springBootCouchbaseConfigurer' threw exception; nested exception is org.springframework.beans.factory.BeanCreationException: Error creating bean with name 'couchbaseClient' defined in class path resource [org/springframework/boot/autoconfigure/couchbase/CouchbaseAutoConfiguration$CouchbaseConfiguration.class]: Bean instantiation via factory method failed; nested exception is org.springframework.beans.BeanInstantiationException: Failed to instantiate [com.couchbase.client.java.Bucket]: Factory method 'couchbaseClient' threw exception; nested exception is com.couchbase.client.core.config.ConfigurationException: Could not open bucket.
Caused by: org.springframework.beans.factory.BeanCreationException: Error creating bean with name 'couchbaseClient' defined in class path resource [org/springframework/boot/autoconfigure/couchbase/CouchbaseAutoConfiguration$CouchbaseConfiguration.class]: Bean instantiation via factory method failed; nested exception is org.springframework.beans.BeanInstantiationException: Failed to instantiate [com.couchbase.client.java.Bucket]: Factory method 'couchbaseClient' threw exception; nested exception is com.couchbase.client.core.config.ConfigurationException: Could not open bucket.
Caused by: org.springframework.beans.BeanInstantiationException: Failed to instantiate [com.couchbase.client.java.Bucket]: Factory method 'couchbaseClient' threw exception; nested exception is com.couchbase.client.core.config.ConfigurationException: Could not open bucket.
Caused by: com.couchbase.client.core.config.ConfigurationException: Could not open bucket.
Caused by: com.couchbase.client.deps.io.netty.channel.AbstractChannel$AnnotatedConnectException: Connection refused: localhost/127.0.0.1:8091
Caused by: java.net.ConnectException: Connection refused
</error>
    <system-out><![CDATA[12:15:06.076 [main] DEBUG org.springframework.test.context.junit4.SpringJUnit4ClassRunner - SpringJUnit4ClassRunner constructor called with [class com.example.chetak.LeaveApplicationTests]
12:15:06.081 [main] DEBUG org.springframework.test.context.BootstrapUtils - Instantiating CacheAwareContextLoaderDelegate from class [org.springframework.test.context.cache.DefaultCacheAwareContextLoaderDelegate]
12:15:06.085 [main] DEBUG org.springframework.test.context.BootstrapUtils - Instantiating BootstrapContext using constructor [public org.springframework.test.context.support.DefaultBootstrapContext(java.lang.Class,org.springframework.test.context.CacheAwareContextLoaderDelegate)]
12:15:06.097 [main] DEBUG org.springframework.test.context.BootstrapUtils - Instantiating TestContextBootstrapper for test class [com.example.chetak.LeaveApplicationTests] from class [org.springframework.boot.test.context.SpringBootTestContextBootstrapper]
12:15:06.105 [main] INFO org.springframework.boot.test.context.SpringBootTestContextBootstrapper - Neither @ContextConfiguration nor @ContextHierarchy found for test class [com.example.chetak.LeaveApplicationTests], using SpringBootContextLoader
12:15:06.107 [main] DEBUG org.springframework.test.context.support.AbstractContextLoader - Did not detect default resource location for test class [com.example.chetak.LeaveApplicationTests]: class path resource [com/example/chetak/LeaveApplicationTests-context.xml] does not exist
12:15:06.107 [main] DEBUG org.springframework.test.context.support.AbstractContextLoader - Did not detect default resource location for test class [com.example.chetak.LeaveApplicationTests]: class path resource [com/example/chetak/LeaveApplicationTestsContext.groovy] does not exist
12:15:06.107 [main] INFO org.springframework.test.context.support.AbstractContextLoader - Could not detect default resource locations for test class [com.example.chetak.LeaveApplicationTests]: no resource found for suffixes {-context.xml, Context.groovy}.
12:15:06.108 [main] INFO org.springframework.test.context.support.AnnotationConfigContextLoaderUtils - Could not detect default configuration classes for test class [com.example.chetak.LeaveApplicationTests]: LeaveApplicationTests does not declare any static, non-private, non-final, nested classes annotated with @Configuration.
12:15:06.138 [main] DEBUG org.springframework.test.context.support.ActiveProfilesUtils - Could not find an 'annotation declaring class' for annotation type [org.springframework.test.context.ActiveProfiles] and class [com.example.chetak.LeaveApplicationTests]
12:15:06.145 [main] DEBUG org.springframework.core.env.StandardEnvironment - Adding PropertySource 'systemProperties' with lowest search precedence
12:15:06.146 [main] DEBUG org.springframework.core.env.StandardEnvironment - Adding PropertySource 'systemEnvironment' with lowest search precedence
12:15:06.146 [main] DEBUG org.springframework.core.env.StandardEnvironment - Initialized StandardEnvironment with PropertySources [MapPropertySource@1825738663 {name='systemProperties', properties={gopherProxySet=false, awt.toolkit=sun.lwawt.macosx.LWCToolkit, java.specification.version=11, sun.cpu.isalist=, sun.jnu.encoding=UTF-8, java.class.path=/Users/ankitrajprasad/My Work/Leave Management System/leave/target/test-classes:/Users/ankitrajprasad/My Work/Leave Management System/leave/target/classes:/Users/ankitrajprasad/.m2/repository/org/springframework/boot/spring-boot-starter-data-couchbase/2.0.4.RELEASE/spring-boot-starter-data-couchbase-2.0.4.RELEASE.jar:/Users/ankitrajprasad/.m2/repository/org/springframework/boot/spring-boot-starter/2.0.4.RELEASE/spring-boot-starter-2.0.4.RELEASE.jar:/Users/ankitrajprasad/.m2/repository/org/springframework/boot/spring-boot/2.0.4.RELEASE/spring-boot-2.0.4.RELEASE.jar:/Users/ankitrajprasad/.m2/repository/org/springframework/boot/spring-boot-autoconfigure/2.0.4.RELEASE/spring-boot-autoconfigure-2.0.4.RELEASE.jar:/Users/ankitrajprasad/.m2/repository/org/springframework/boot/spring-boot-starter-logging/2.0.4.RELEASE/spring-boot-starter-logging-2.0.4.RELEASE.jar:/Users/ankitrajprasad/.m2/repository/ch/qos/logback/logback-classic/1.2.3/logback-classic-1.2.3.jar:/Users/ankitrajprasad/.m2/repository/ch/qos/logback/logback-core/1.2.3/logback-core-1.2.3.jar:/Users/ankitrajprasad/.m2/repository/org/apache/logging/log4j/log4j-to-slf4j/2.10.0/log4j-to-slf4j-2.10.0.jar:/Users/ankitrajprasad/.m2/repository/org/apache/logging/log4j/log4j-api/2.10.0/log4j-api-2.10.0.jar:/Users/ankitrajprasad/.m2/repository/org/slf4j/jul-to-slf4j/1.7.25/jul-to-slf4j-1.7.25.jar:/Users/ankitrajprasad/.m2/repository/javax/annotation/javax.annotation-api/1.3.2/javax.annotation-api-1.3.2.jar:/Users/ankitrajprasad/.m2/repository/org/yaml/snakeyaml/1.19/snakeyaml-1.19.jar:/Users/ankitrajprasad/.m2/repository/org/springframework/data/spring-data-couchbase/3.0.9.RELEASE/spring-data-couchbase-3.0.9.RELEASE.jar:/Users/ankitrajprasad/.m2/repository/org/springframework/spring-context/5.0.8.RELEASE/spring-context-5.0.8.RELEASE.jar:/Users/ankitrajprasad/.m2/repository/org/springframework/spring-tx/5.0.8.RELEASE/spring-tx-5.0.8.RELEASE.jar:/Users/ankitrajprasad/.m2/repository/org/springframework/data/spring-data-commons/2.0.9.RELEASE/spring-data-commons-2.0.9.RELEASE.jar:/Users/ankitrajprasad/.m2/repository/com/couchbase/client/java-client/2.5.9/java-client-2.5.9.jar:/Users/ankitrajprasad/.m2/repository/com/couchbase/client/core-io/1.5.9/core-io-1.5.9.jar:/Users/ankitrajprasad/.m2/repository/io/reactivex/rxjava/1.3.8/rxjava-1.3.8.jar:/Users/ankitrajprasad/.m2/repository/com/fasterxml/jackson/core/jackson-databind/2.9.6/jackson-databind-2.9.6.jar:/Users/ankitrajprasad/.m2/repository/org/slf4j/slf4j-api/1.7.25/slf4j-api-1.7.25.jar:/Users/ankitrajprasad/.m2/repository/org/springframework/boot/spring-boot-starter-jersey/2.0.4.RELEASE/spring-boot-starter-jersey-2.0.4.RELEASE.jar:/Users/ankitrajprasad/.m2/repository/org/springframework/boot/spring-boot-starter-json/2.0.4.RELEASE/spring-boot-starter-json-2.0.4.RELEASE.jar:/Users/ankitrajprasad/.m2/repository/com/fasterxml/jackson/datatype/jackson-datatype-jdk8/2.9.6/jackson-datatype-jdk8-2.9.6.jar:/Users/ankitrajprasad/.m2/repository/com/fasterxml/jackson/datatype/jackson-datatype-jsr310/2.9.6/jackson-datatype-jsr310-2.9.6.jar:/Users/ankitrajprasad/.m2/repository/com/fasterxml/jackson/module/jackson-module-parameter-names/2.9.6/jackson-module-parameter-names-2.9.6.jar:/Users/ankitrajprasad/.m2/repository/org/springframework/boot/spring-boot-starter-tomcat/2.0.4.RELEASE/spring-boot-starter-tomcat-2.0.4.RELEASE.jar:/Users/ankitrajprasad/.m2/repository/org/apache/tomcat/embed/tomcat-embed-core/8.5.32/tomcat-embed-core-8.5.32.jar:/Users/ankitrajprasad/.m2/repository/org/apache/tomcat/embed/tomcat-embed-el/8.5.32/tomcat-embed-el-8.5.32.jar:/Users/ankitrajprasad/.m2/repository/org/apache/tomcat/embed/tomcat-embed-websocket/8.5.32/tomcat-embed-websocket-8.5.32.jar:/Users/ankitrajprasad/.m2/repository/org/springframework/boot/spring-boot-starter-validation/2.0.4.RELEASE/spring-boot-starter-validation-2.0.4.RELEASE.jar:/Users/ankitrajprasad/.m2/repository/org/springframework/spring-web/5.0.8.RELEASE/spring-web-5.0.8.RELEASE.jar:/Users/ankitrajprasad/.m2/repository/org/springframework/spring-beans/5.0.8.RELEASE/spring-beans-5.0.8.RELEASE.jar:/Users/ankitrajprasad/.m2/repository/org/glassfish/jersey/core/jersey-server/2.26/jersey-server-2.26.jar:/Users/ankitrajprasad/.m2/repository/org/glassfish/jersey/core/jersey-common/2.26/jersey-common-2.26.jar:/Users/ankitrajprasad/.m2/repository/org/glassfish/hk2/osgi-resource-locator/1.0.1/osgi-resource-locator-1.0.1.jar:/Users/ankitrajprasad/.m2/repository/org/glassfish/jersey/core/jersey-client/2.26/jersey-client-2.26.jar:/Users/ankitrajprasad/.m2/repository/javax/ws/rs/javax.ws.rs-api/2.1/javax.ws.rs-api-2.1.jar:/Users/ankitrajprasad/.m2/repository/org/glassfish/jersey/media/jersey-media-jaxb/2.26/jersey-media-jaxb-2.26.jar:/Users/ankitrajprasad/.m2/repository/javax/validation/validation-api/2.0.1.Final/validation-api-2.0.1.Final.jar:/Users/ankitrajprasad/.m2/repository/org/glassfish/jersey/containers/jersey-container-servlet-core/2.26/jersey-container-servlet-core-2.26.jar:/Users/ankitrajprasad/.m2/repository/org/glassfish/jersey/containers/jersey-container-servlet/2.26/jersey-container-servlet-2.26.jar:/Users/ankitrajprasad/.m2/repository/org/glassfish/jersey/ext/jersey-bean-validation/2.26/jersey-bean-validation-2.26.jar:/Users/ankitrajprasad/.m2/repository/org/glassfish/jersey/ext/jersey-spring4/2.26/jersey-spring4-2.26.jar:/Users/ankitrajprasad/.m2/repository/org/glassfish/jersey/inject/jersey-hk2/2.26/jersey-hk2-2.26.jar:/Users/ankitrajprasad/.m2/repository/org/glassfish/hk2/hk2-locator/2.5.0-b42/hk2-locator-2.5.0-b42.jar:/Users/ankitrajprasad/.m2/repository/org/glassfish/hk2/external/aopalliance-repackaged/2.5.0-b42/aopalliance-repackaged-2.5.0-b42.jar:/Users/ankitrajprasad/.m2/repository/org/javassist/javassist/3.22.0-CR2/javassist-3.22.0-CR2.jar:/Users/ankitrajprasad/.m2/repository/org/glassfish/hk2/hk2/2.5.0-b42/hk2-2.5.0-b42.jar:/Users/ankitrajprasad/.m2/repository/org/glassfish/hk2/hk2-utils/2.5.0-b42/hk2-utils-2.5.0-b42.jar:/Users/ankitrajprasad/.m2/repository/javax/inject/javax.inject/1/javax.inject-1.jar:/Users/ankitrajprasad/.m2/repository/org/glassfish/hk2/hk2-api/2.5.0-b42/hk2-api-2.5.0-b42.jar:/Users/ankitrajprasad/.m2/repository/org/glassfish/hk2/config-types/2.5.0-b42/config-types-2.5.0-b42.jar:/Users/ankitrajprasad/.m2/repository/org/glassfish/hk2/hk2-core/2.5.0-b42/hk2-core-2.5.0-b42.jar:/Users/ankitrajprasad/.m2/repository/org/glassfish/hk2/hk2-config/2.5.0-b42/hk2-config-2.5.0-b42.jar:/Users/ankitrajprasad/.m2/repository/org/glassfish/hk2/hk2-runlevel/2.5.0-b42/hk2-runlevel-2.5.0-b42.jar:/Users/ankitrajprasad/.m2/repository/org/glassfish/hk2/class-model/2.5.0-b42/class-model-2.5.0-b42.jar:/Users/ankitrajprasad/.m2/repository/org/glassfish/hk2/external/asm-all-repackaged/2.5.0-b42/asm-all-repackaged-2.5.0-b42.jar:/Users/ankitrajprasad/.m2/repository/org/glassfish/hk2/spring-bridge/2.5.0-b42/spring-bridge-2.5.0-b42.jar:/Users/ankitrajprasad/.m2/repository/org/springframework/spring-aop/5.0.8.RELEASE/spring-aop-5.0.8.RELEASE.jar:/Users/ankitrajprasad/.m2/repository/org/glassfish/jersey/media/jersey-media-json-jackson/2.26/jersey-media-json-jackson-2.26.jar:/Users/ankitrajprasad/.m2/repository/org/glassfish/jersey/ext/jersey-entity-filtering/2.26/jersey-entity-filtering-2.26.jar:/Users/ankitrajprasad/.m2/repository/com/fasterxml/jackson/core/jackson-annotations/2.9.0/jackson-annotations-2.9.0.jar:/Users/ankitrajprasad/.m2/repository/com/fasterxml/jackson/module/jackson-module-jaxb-annotations/2.9.6/jackson-module-jaxb-annotations-2.9.6.jar:/Users/ankitrajprasad/.m2/repository/org/springframework/boot/spring-boot-starter-web/2.0.4.RELEASE/spring-boot-starter-web-2.0.4.RELEASE.jar:/Users/ankitrajprasad/.m2/repository/org/hibernate/validator/hibernate-validator/6.0.11.Final/hibernate-validator-6.0.11.Final.jar:/Users/ankitrajprasad/.m2/repository/org/jboss/logging/jboss-logging/3.3.2.Final/jboss-logging-3.3.2.Final.jar:/Users/ankitrajprasad/.m2/repository/com/fasterxml/classmate/1.3.4/classmate-1.3.4.jar:/Users/ankitrajprasad/.m2/repository/org/openjfx/javafx.base/11.0.0-SNAPSHOT/javafx.base-11.0.0-SNAPSHOT.jar:/Users/ankitrajprasad/.m2/repository/org/openjfx/javafx.base/11.0.0-SNAPSHOT/javafx.base-11.0.0-SNAPSHOT-linux.jar:/Users/ankitrajprasad/.m2/repository/org/openjfx/javafx.base/11.0.0-SNAPSHOT/javafx.base-11.0.0-SNAPSHOT-mac.jar:/Users/ankitrajprasad/.m2/repository/org/openjfx/javafx.base/11.0.0-SNAPSHOT/javafx.base-11.0.0-SNAPSHOT-win.jar:/Users/ankitrajprasad/.m2/repository/org/springframework/spring-webmvc/5.0.8.RELEASE/spring-webmvc-5.0.8.RELEASE.jar:/Users/ankitrajprasad/.m2/repository/org/springframework/spring-expression/5.0.8.RELEASE/spring-expression-5.0.8.RELEASE.jar:/Users/ankitrajprasad/.m2/repository/org/springframework/boot/spring-boot-starter-test/2.0.4.RELEASE/spring-boot-starter-test-2.0.4.RELEASE.jar:/Users/ankitrajprasad/.m2/repository/org/springframework/boot/spring-boot-test/2.0.4.RELEASE/spring-boot-test-2.0.4.RELEASE.jar:/Users/ankitrajprasad/.m2/repository/org/springframework/boot/spring-boot-test-autoconfigure/2.0.4.RELEASE/spring-boot-test-autoconfigure-2.0.4.RELEASE.jar:/Users/ankitrajprasad/.m2/repository/com/jayway/jsonpath/json-path/2.4.0/json-path-2.4.0.jar:/Users/ankitrajprasad/.m2/repository/net/minidev/json-smart/2.3/json-smart-2.3.jar:/Users/ankitrajprasad/.m2/repository/net/minidev/accessors-smart/1.2/accessors-smart-1.2.jar:/Users/ankitrajprasad/.m2/repository/org/ow2/asm/asm/5.0.4/asm-5.0.4.jar:/Users/ankitrajprasad/.m2/repository/junit/junit/4.12/junit-4.12.jar:/Users/ankitrajprasad/.m2/repository/org/assertj/assertj-core/3.9.1/assertj-core-3.9.1.jar:/Users/ankitrajprasad/.m2/repository/org/mockito/mockito-core/2.15.0/mockito-core-2.15.0.jar:/Users/ankitrajprasad/.m2/repository/net/bytebuddy/byte-buddy/1.7.11/byte-buddy-1.7.11.jar:/Users/ankitrajprasad/.m2/repository/net/bytebuddy/byte-buddy-agent/1.7.11/byte-buddy-agent-1.7.11.jar:/Users/ankitrajprasad/.m2/repository/org/objenesis/objenesis/2.6/objenesis-2.6.jar:/Users/ankitrajprasad/.m2/repository/org/hamcrest/hamcrest-core/1.3/hamcrest-core-1.3.jar:/Users/ankitrajprasad/.m2/repository/org/hamcrest/hamcrest-library/1.3/hamcrest-library-1.3.jar:/Users/ankitrajprasad/.m2/repository/org/skyscreamer/jsonassert/1.5.0/jsonassert-1.5.0.jar:/Users/ankitrajprasad/.m2/repository/com/vaadin/external/google/android-json/0.0.20131108.vaadin1/android-json-0.0.20131108.vaadin1.jar:/Users/ankitrajprasad/.m2/repository/org/springframework/spring-core/5.0.8.RELEASE/spring-core-5.0.8.RELEASE.jar:/Users/ankitrajprasad/.m2/repository/org/springframework/spring-jcl/5.0.8.RELEASE/spring-jcl-5.0.8.RELEASE.jar:/Users/ankitrajprasad/.m2/repository/org/springframework/spring-test/5.0.8.RELEASE/spring-test-5.0.8.RELEASE.jar:/Users/ankitrajprasad/.m2/repository/org/xmlunit/xmlunit-core/2.5.1/xmlunit-core-2.5.1.jar:/Users/ankitrajprasad/.m2/repository/com/fasterxml/jackson/core/jackson-core/2.9.5/jackson-core-2.9.5.jar:, java.vm.vendor=Oracle Corporation, sun.arch.data.model=64, java.vendor.url=https://openjdk.java.net/, user.timezone=Asia/Kolkata, os.name=Mac OS X, java.vm.specification.version=11, sun.java.launcher=SUN_STANDARD, user.country=IN, sun.boot.library.path=/Library/Java/JavaVirtualMachines/jdk-11.0.10.jdk/Contents/Home/lib, sun.java.command=/Users/ankitrajprasad/My Work/Leave Management System/leave/target/surefire/surefirebooter12593757893503615852.jar /Users/ankitrajprasad/My Work/Leave Management System/leave/target/surefire 2021-06-07T12-15-02_760-jvmRun1 surefire11598457077544621674tmp surefire_015632693234094638609tmp, http.nonProxyHosts=local|*.local|169.254/16|*.169.254/16, jdk.debug=release, surefire.test.class.path=/Users/ankitrajprasad/My Work/Leave Management System/leave/target/test-classes:/Users/ankitrajprasad/My Work/Leave Management System/leave/target/classes:/Users/ankitrajprasad/.m2/repository/org/springframework/boot/spring-boot-starter-data-couchbase/2.0.4.RELEASE/spring-boot-starter-data-couchbase-2.0.4.RELEASE.jar:/Users/ankitrajprasad/.m2/repository/org/springframework/boot/spring-boot-starter/2.0.4.RELEASE/spring-boot-starter-2.0.4.RELEASE.jar:/Users/ankitrajprasad/.m2/repository/org/springframework/boot/spring-boot/2.0.4.RELEASE/spring-boot-2.0.4.RELEASE.jar:/Users/ankitrajprasad/.m2/repository/org/springframework/boot/spring-boot-autoconfigure/2.0.4.RELEASE/spring-boot-autoconfigure-2.0.4.RELEASE.jar:/Users/ankitrajprasad/.m2/repository/org/springframework/boot/spring-boot-starter-logging/2.0.4.RELEASE/spring-boot-starter-logging-2.0.4.RELEASE.jar:/Users/ankitrajprasad/.m2/repository/ch/qos/logback/logback-classic/1.2.3/logback-classic-1.2.3.jar:/Users/ankitrajprasad/.m2/repository/ch/qos/logback/logback-core/1.2.3/logback-core-1.2.3.jar:/Users/ankitrajprasad/.m2/repository/org/apache/logging/log4j/log4j-to-slf4j/2.10.0/log4j-to-slf4j-2.10.0.jar:/Users/ankitrajprasad/.m2/repository/org/apache/logging/log4j/log4j-api/2.10.0/log4j-api-2.10.0.jar:/Users/ankitrajprasad/.m2/repository/org/slf4j/jul-to-slf4j/1.7.25/jul-to-slf4j-1.7.25.jar:/Users/ankitrajprasad/.m2/repository/javax/annotation/javax.annotation-api/1.3.2/javax.annotation-api-1.3.2.jar:/Users/ankitrajprasad/.m2/repository/org/yaml/snakeyaml/1.19/snakeyaml-1.19.jar:/Users/ankitrajprasad/.m2/repository/org/springframework/data/spring-data-couchbase/3.0.9.RELEASE/spring-data-couchbase-3.0.9.RELEASE.jar:/Users/ankitrajprasad/.m2/repository/org/springframework/spring-context/5.0.8.RELEASE/spring-context-5.0.8.RELEASE.jar:/Users/ankitrajprasad/.m2/repository/org/springframework/spring-tx/5.0.8.RELEASE/spring-tx-5.0.8.RELEASE.jar:/Users/ankitrajprasad/.m2/repository/org/springframework/data/spring-data-commons/2.0.9.RELEASE/spring-data-commons-2.0.9.RELEASE.jar:/Users/ankitrajprasad/.m2/repository/com/couchbase/client/java-client/2.5.9/java-client-2.5.9.jar:/Users/ankitrajprasad/.m2/repository/com/couchbase/client/core-io/1.5.9/core-io-1.5.9.jar:/Users/ankitrajprasad/.m2/repository/io/reactivex/rxjava/1.3.8/rxjava-1.3.8.jar:/Users/ankitrajprasad/.m2/repository/com/fasterxml/jackson/core/jackson-databind/2.9.6/jackson-databind-2.9.6.jar:/Users/ankitrajprasad/.m2/repository/org/slf4j/slf4j-api/1.7.25/slf4j-api-1.7.25.jar:/Users/ankitrajprasad/.m2/repository/org/springframework/boot/spring-boot-starter-jersey/2.0.4.RELEASE/spring-boot-starter-jersey-2.0.4.RELEASE.jar:/Users/ankitrajprasad/.m2/repository/org/springframework/boot/spring-boot-starter-json/2.0.4.RELEASE/spring-boot-starter-json-2.0.4.RELEASE.jar:/Users/ankitrajprasad/.m2/repository/com/fasterxml/jackson/datatype/jackson-datatype-jdk8/2.9.6/jackson-datatype-jdk8-2.9.6.jar:/Users/ankitrajprasad/.m2/repository/com/fasterxml/jackson/datatype/jackson-datatype-jsr310/2.9.6/jackson-datatype-jsr310-2.9.6.jar:/Users/ankitrajprasad/.m2/repository/com/fasterxml/jackson/module/jackson-module-parameter-names/2.9.6/jackson-module-parameter-names-2.9.6.jar:/Users/ankitrajprasad/.m2/repository/org/springframework/boot/spring-boot-starter-tomcat/2.0.4.RELEASE/spring-boot-starter-tomcat-2.0.4.RELEASE.jar:/Users/ankitrajprasad/.m2/repository/org/apache/tomcat/embed/tomcat-embed-core/8.5.32/tomcat-embed-core-8.5.32.jar:/Users/ankitrajprasad/.m2/repository/org/apache/tomcat/embed/tomcat-embed-el/8.5.32/tomcat-embed-el-8.5.32.jar:/Users/ankitrajprasad/.m2/repository/org/apache/tomcat/embed/tomcat-embed-websocket/8.5.32/tomcat-embed-websocket-8.5.32.jar:/Users/ankitrajprasad/.m2/repository/org/springframework/boot/spring-boot-starter-validation/2.0.4.RELEASE/spring-boot-starter-validation-2.0.4.RELEASE.jar:/Users/ankitrajprasad/.m2/repository/org/springframework/spring-web/5.0.8.RELEASE/spring-web-5.0.8.RELEASE.jar:/Users/ankitrajprasad/.m2/repository/org/springframework/spring-beans/5.0.8.RELEASE/spring-beans-5.0.8.RELEASE.jar:/Users/ankitrajprasad/.m2/repository/org/glassfish/jersey/core/jersey-server/2.26/jersey-server-2.26.jar:/Users/ankitrajprasad/.m2/repository/org/glassfish/jersey/core/jersey-common/2.26/jersey-common-2.26.jar:/Users/ankitrajprasad/.m2/repository/org/glassfish/hk2/osgi-resource-locator/1.0.1/osgi-resource-locator-1.0.1.jar:/Users/ankitrajprasad/.m2/repository/org/glassfish/jersey/core/jersey-client/2.26/jersey-client-2.26.jar:/Users/ankitrajprasad/.m2/repository/javax/ws/rs/javax.ws.rs-api/2.1/javax.ws.rs-api-2.1.jar:/Users/ankitrajprasad/.m2/repository/org/glassfish/jersey/media/jersey-media-jaxb/2.26/jersey-media-jaxb-2.26.jar:/Users/ankitrajprasad/.m2/repository/javax/validation/validation-api/2.0.1.Final/validation-api-2.0.1.Final.jar:/Users/ankitrajprasad/.m2/repository/org/glassfish/jersey/containers/jersey-container-servlet-core/2.26/jersey-container-servlet-core-2.26.jar:/Users/ankitrajprasad/.m2/repository/org/glassfish/jersey/containers/jersey-container-servlet/2.26/jersey-container-servlet-2.26.jar:/Users/ankitrajprasad/.m2/repository/org/glassfish/jersey/ext/jersey-bean-validation/2.26/jersey-bean-validation-2.26.jar:/Users/ankitrajprasad/.m2/repository/org/glassfish/jersey/ext/jersey-spring4/2.26/jersey-spring4-2.26.jar:/Users/ankitrajprasad/.m2/repository/org/glassfish/jersey/inject/jersey-hk2/2.26/jersey-hk2-2.26.jar:/Users/ankitrajprasad/.m2/repository/org/glassfish/hk2/hk2-locator/2.5.0-b42/hk2-locator-2.5.0-b42.jar:/Users/ankitrajprasad/.m2/repository/org/glassfish/hk2/external/aopalliance-repackaged/2.5.0-b42/aopalliance-repackaged-2.5.0-b42.jar:/Users/ankitrajprasad/.m2/repository/org/javassist/javassist/3.22.0-CR2/javassist-3.22.0-CR2.jar:/Users/ankitrajprasad/.m2/repository/org/glassfish/hk2/hk2/2.5.0-b42/hk2-2.5.0-b42.jar:/Users/ankitrajprasad/.m2/repository/org/glassfish/hk2/hk2-utils/2.5.0-b42/hk2-utils-2.5.0-b42.jar:/Users/ankitrajprasad/.m2/repository/javax/inject/javax.inject/1/javax.inject-1.jar:/Users/ankitrajprasad/.m2/repository/org/glassfish/hk2/hk2-api/2.5.0-b42/hk2-api-2.5.0-b42.jar:/Users/ankitrajprasad/.m2/repository/org/glassfish/hk2/config-types/2.5.0-b42/config-types-2.5.0-b42.jar:/Users/ankitrajprasad/.m2/repository/org/glassfish/hk2/hk2-core/2.5.0-b42/hk2-core-2.5.0-b42.jar:/Users/ankitrajprasad/.m2/repository/org/glassfish/hk2/hk2-config/2.5.0-b42/hk2-config-2.5.0-b42.jar:/Users/ankitrajprasad/.m2/repository/org/glassfish/hk2/hk2-runlevel/2.5.0-b42/hk2-runlevel-2.5.0-b42.jar:/Users/ankitrajprasad/.m2/repository/org/glassfish/hk2/class-model/2.5.0-b42/class-model-2.5.0-b42.jar:/Users/ankitrajprasad/.m2/repository/org/glassfish/hk2/external/asm-all-repackaged/2.5.0-b42/asm-all-repackaged-2.5.0-b42.jar:/Users/ankitrajprasad/.m2/repository/org/glassfish/hk2/spring-bridge/2.5.0-b42/spring-bridge-2.5.0-b42.jar:/Users/ankitrajprasad/.m2/repository/org/springframework/spring-aop/5.0.8.RELEASE/spring-aop-5.0.8.RELEASE.jar:/Users/ankitrajprasad/.m2/repository/org/glassfish/jersey/media/jersey-media-json-jackson/2.26/jersey-media-json-jackson-2.26.jar:/Users/ankitrajprasad/.m2/repository/org/glassfish/jersey/ext/jersey-entity-filtering/2.26/jersey-entity-filtering-2.26.jar:/Users/ankitrajprasad/.m2/repository/com/fasterxml/jackson/core/jackson-annotations/2.9.0/jackson-annotations-2.9.0.jar:/Users/ankitrajprasad/.m2/repository/com/fasterxml/jackson/module/jackson-module-jaxb-annotations/2.9.6/jackson-module-jaxb-annotations-2.9.6.jar:/Users/ankitrajprasad/.m2/repository/org/springframework/boot/spring-boot-starter-web/2.0.4.RELEASE/spring-boot-starter-web-2.0.4.RELEASE.jar:/Users/ankitrajprasad/.m2/repository/org/hibernate/validator/hibernate-validator/6.0.11.Final/hibernate-validator-6.0.11.Final.jar:/Users/ankitrajprasad/.m2/repository/org/jboss/logging/jboss-logging/3.3.2.Final/jboss-logging-3.3.2.Final.jar:/Users/ankitrajprasad/.m2/repository/com/fasterxml/classmate/1.3.4/classmate-1.3.4.jar:/Users/ankitrajprasad/.m2/repository/org/openjfx/javafx.base/11.0.0-SNAPSHOT/javafx.base-11.0.0-SNAPSHOT.jar:/Users/ankitrajprasad/.m2/repository/org/openjfx/javafx.base/11.0.0-SNAPSHOT/javafx.base-11.0.0-SNAPSHOT-linux.jar:/Users/ankitrajprasad/.m2/repository/org/openjfx/javafx.base/11.0.0-SNAPSHOT/javafx.base-11.0.0-SNAPSHOT-mac.jar:/Users/ankitrajprasad/.m2/repository/org/openjfx/javafx.base/11.0.0-SNAPSHOT/javafx.base-11.0.0-SNAPSHOT-win.jar:/Users/ankitrajprasad/.m2/repository/org/springframework/spring-webmvc/5.0.8.RELEASE/spring-webmvc-5.0.8.RELEASE.jar:/Users/ankitrajprasad/.m2/repository/org/springframework/spring-expression/5.0.8.RELEASE/spring-expression-5.0.8.RELEASE.jar:/Users/ankitrajprasad/.m2/repository/org/springframework/boot/spring-boot-starter-test/2.0.4.RELEASE/spring-boot-starter-test-2.0.4.RELEASE.jar:/Users/ankitrajprasad/.m2/repository/org/springframework/boot/spring-boot-test/2.0.4.RELEASE/spring-boot-test-2.0.4.RELEASE.jar:/Users/ankitrajprasad/.m2/repository/org/springframework/boot/spring-boot-test-autoconfigure/2.0.4.RELEASE/spring-boot-test-autoconfigure-2.0.4.RELEASE.jar:/Users/ankitrajprasad/.m2/repository/com/jayway/jsonpath/json-path/2.4.0/json-path-2.4.0.jar:/Users/ankitrajprasad/.m2/repository/net/minidev/json-smart/2.3/json-smart-2.3.jar:/Users/ankitrajprasad/.m2/repository/net/minidev/accessors-smart/1.2/accessors-smart-1.2.jar:/Users/ankitrajprasad/.m2/repository/org/ow2/asm/asm/5.0.4/asm-5.0.4.jar:/Users/ankitrajprasad/.m2/repository/junit/junit/4.12/junit-4.12.jar:/Users/ankitrajprasad/.m2/repository/org/assertj/assertj-core/3.9.1/assertj-core-3.9.1.jar:/Users/ankitrajprasad/.m2/repository/org/mockito/mockito-core/2.15.0/mockito-core-2.15.0.jar:/Users/ankitrajprasad/.m2/repository/net/bytebuddy/byte-buddy/1.7.11/byte-buddy-1.7.11.jar:/Users/ankitrajprasad/.m2/repository/net/bytebuddy/byte-buddy-agent/1.7.11/byte-buddy-agent-1.7.11.jar:/Users/ankitrajprasad/.m2/repository/org/objenesis/objenesis/2.6/objenesis-2.6.jar:/Users/ankitrajprasad/.m2/repository/org/hamcrest/hamcrest-core/1.3/hamcrest-core-1.3.jar:/Users/ankitrajprasad/.m2/repository/org/hamcrest/hamcrest-library/1.3/hamcrest-library-1.3.jar:/Users/ankitrajprasad/.m2/repository/org/skyscreamer/jsonassert/1.5.0/jsonassert-1.5.0.jar:/Users/ankitrajprasad/.m2/repository/com/vaadin/external/google/android-json/0.0.20131108.vaadin1/android-json-0.0.20131108.vaadin1.jar:/Users/ankitrajprasad/.m2/repository/org/springframework/spring-core/5.0.8.RELEASE/spring-core-5.0.8.RELEASE.jar:/Users/ankitrajprasad/.m2/repository/org/springframework/spring-jcl/5.0.8.RELEASE/spring-jcl-5.0.8.RELEASE.jar:/Users/ankitrajprasad/.m2/repository/org/springframework/spring-test/5.0.8.RELEASE/spring-test-5.0.8.RELEASE.jar:/Users/ankitrajprasad/.m2/repository/org/xmlunit/xmlunit-core/2.5.1/xmlunit-core-2.5.1.jar:/Users/ankitrajprasad/.m2/repository/com/fasterxml/jackson/core/jackson-core/2.9.5/jackson-core-2.9.5.jar:, sun.cpu.endian=little, user.home=/Users/ankitrajprasad, user.language=en, java.specification.vendor=Oracle Corporation, java.version.date=2021-01-19, java.home=/Library/Java/JavaVirtualMachines/jdk-11.0.10.jdk/Contents/Home, file.separator=/, basedir=/Users/ankitrajprasad/My Work/Leave Management System/leave, java.vm.compressedOopsMode=Zero based, line.separator=
, java.specification.name=Java Platform API Specification, java.vm.specification.vendor=Oracle Corporation, java.awt.graphicsenv=sun.awt.CGraphicsEnvironment, surefire.real.class.path=/Users/ankitrajprasad/My Work/Leave Management System/leave/target/surefire/surefirebooter12593757893503615852.jar, sun.management.compiler=HotSpot 64-Bit Tiered Compilers, ftp.nonProxyHosts=local|*.local|169.254/16|*.169.254/16, java.runtime.version=11.0.10+8-LTS-162, user.name=ankitrajprasad, path.separator=:, os.version=10.16, java.runtime.name=Java(TM) SE Runtime Environment, file.encoding=US-ASCII, java.vm.name=Java HotSpot(TM) 64-Bit Server VM, java.vendor.version=18.9, localRepository=/Users/ankitrajprasad/.m2/repository, java.vendor.url.bug=https://bugreport.java.com/bugreport/, java.io.tmpdir=/var/folders/r8/tzb44v250cbc710y4dsd493w0000gn/T/, idea.version=2021.1.1, java.version=11.0.10, user.dir=/Users/ankitrajprasad/My Work/Leave Management System/leave, os.arch=x86_64, java.vm.specification.name=Java Virtual Machine Specification, java.awt.printerjob=sun.lwawt.macosx.CPrinterJob, sun.os.patch.level=unknown, java.library.path=/Users/ankitrajprasad/Library/Java/Extensions:/Library/Java/Extensions:/Network/Library/Java/Extensions:/System/Library/Java/Extensions:/usr/lib/java:., java.vendor=Oracle Corporation, java.vm.info=mixed mode, java.vm.version=11.0.10+8-LTS-162, sun.io.unicode.encoding=UnicodeBig, java.class.version=55.0, socksNonProxyHosts=local|*.local|169.254/16|*.169.254/16}}, SystemEnvironmentPropertySource@1632413663 {name='systemEnvironment', properties={PATH=/usr/local/bin:/usr/bin:/bin:/usr/sbin:/sbin:/Library/Apple/usr/bin:/Users/ankitrajprasad/Development/apache-maven-3.6.3/bin:/Applications/Visual Studio Code.app/Contents/Resources/app/bin:/usr/local/mysql/bin/, JAVA_MAIN_CLASS_2195=org.apache.maven.surefire.booter.ForkedBooter, COMMAND_MODE=unix2003, VERSIONER_PYTHON_VERSION=2.7, JAVA_MAIN_CLASS_2179=org.codehaus.classworlds.Launcher, LOGNAME=ankitrajprasad, XPC_SERVICE_NAME=0, PWD=/Users/ankitrajprasad/My Work/Leave Management System/leave, _=/Library/Java/JavaVirtualMachines/jdk-11.0.10.jdk/Contents/Home/bin/java, __CFBundleIdentifier=com.jetbrains.intellij, SHELL=/bin/zsh, PAGER=less, LSCOLORS=Gxfxcxdxbxegedabagacad, OLDPWD=/Users/ankitrajprasad/My Work/Leave Management System/leave, USER=ankitrajprasad, ZSH=/Users/ankitrajprasad/.oh-my-zsh, TMPDIR=/var/folders/r8/tzb44v250cbc710y4dsd493w0000gn/T/, SSH_AUTH_SOCK=/private/tmp/com.apple.launchd.KIGjmfrTRt/Listeners, XPC_FLAGS=0x0, M2_HOME=/Users/ankitrajprasad/Development/apache-maven-3.6.3, __CF_USER_TEXT_ENCODING=0x1F5:0x0:0x0, LESS=-R, LC_CTYPE=en_IN.UTF-8, HOME=/Users/ankitrajprasad, SHLVL=1}}]
12:15:06.159 [main] DEBUG org.springframework.core.io.support.PathMatchingResourcePatternResolver - Resolved classpath location [com/example/chetak/] to resources [URL [file:/Users/ankitrajprasad/My%20Work/Leave%20Management%20System/leave/target/test-classes/com/example/chetak/], URL [file:/Users/ankitrajprasad/My%20Work/Leave%20Management%20System/leave/target/classes/com/example/chetak/]]
12:15:06.160 [main] DEBUG org.springframework.core.io.support.PathMatchingResourcePatternResolver - Looking for matching resources in directory tree [/Users/ankitrajprasad/My Work/Leave Management System/leave/target/test-classes/com/example/chetak]
12:15:06.160 [main] DEBUG org.springframework.core.io.support.PathMatchingResourcePatternResolver - Searching directory [/Users/ankitrajprasad/My Work/Leave Management System/leave/target/test-classes/com/example/chetak] for files matching pattern [/Users/ankitrajprasad/My Work/Leave Management System/leave/target/test-classes/com/example/chetak/*.class]
12:15:06.162 [main] DEBUG org.springframework.core.io.support.PathMatchingResourcePatternResolver - Looking for matching resources in directory tree [/Users/ankitrajprasad/My Work/Leave Management System/leave/target/classes/com/example/chetak]
12:15:06.162 [main] DEBUG org.springframework.core.io.support.PathMatchingResourcePatternResolver - Searching directory [/Users/ankitrajprasad/My Work/Leave Management System/leave/target/classes/com/example/chetak] for files matching pattern [/Users/ankitrajprasad/My Work/Leave Management System/leave/target/classes/com/example/chetak/*.class]
12:15:06.163 [main] DEBUG org.springframework.core.io.support.PathMatchingResourcePatternResolver - Resolved location pattern [classpath*:com/example/chetak/*.class] to resources [file [/Users/ankitrajprasad/My Work/Leave Management System/leave/target/test-classes/com/example/chetak/LeaveApplicationTests.class], file [/Users/ankitrajprasad/My Work/Leave Management System/leave/target/classes/com/example/chetak/LeaveApplication.class]]
12:15:06.225 [main] DEBUG org.springframework.context.annotation.ClassPathScanningCandidateComponentProvider - Identified candidate component class: file [/Users/ankitrajprasad/My Work/Leave Management System/leave/target/classes/com/example/chetak/LeaveApplication.class]
12:15:06.227 [main] INFO org.springframework.boot.test.context.SpringBootTestContextBootstrapper - Found @SpringBootConfiguration com.example.chetak.LeaveApplication for test class com.example.chetak.LeaveApplicationTests
12:15:06.326 [main] DEBUG org.springframework.boot.test.context.SpringBootTestContextBootstrapper - @TestExecutionListeners is not present for class [com.example.chetak.LeaveApplicationTests]: using defaults.
12:15:06.327 [main] INFO org.springframework.boot.test.context.SpringBootTestContextBootstrapper - Loaded default TestExecutionListener class names from location [META-INF/spring.factories]: [org.springframework.boot.test.mock.mockito.MockitoTestExecutionListener, org.springframework.boot.test.mock.mockito.ResetMocksTestExecutionListener, org.springframework.boot.test.autoconfigure.restdocs.RestDocsTestExecutionListener, org.springframework.boot.test.autoconfigure.web.client.MockRestServiceServerResetTestExecutionListener, org.springframework.boot.test.autoconfigure.web.servlet.MockMvcPrintOnlyOnFailureTestExecutionListener, org.springframework.boot.test.autoconfigure.web.servlet.WebDriverTestExecutionListener, org.springframework.test.context.web.ServletTestExecutionListener, org.springframework.test.context.support.DirtiesContextBeforeModesTestExecutionListener, org.springframework.test.context.support.DependencyInjectionTestExecutionListener, org.springframework.test.context.support.DirtiesContextTestExecutionListener, org.springframework.test.context.transaction.TransactionalTestExecutionListener, org.springframework.test.context.jdbc.SqlScriptsTestExecutionListener]
12:15:06.337 [main] INFO org.springframework.boot.test.context.SpringBootTestContextBootstrapper - Using TestExecutionListeners: [org.springframework.test.context.web.ServletTestExecutionListener@54eb2b70, org.springframework.test.context.support.DirtiesContextBeforeModesTestExecutionListener@45a37759, org.springframework.boot.test.mock.mockito.MockitoTestExecutionListener@63611043, org.springframework.boot.test.autoconfigure.SpringBootDependencyInjectionTestExecutionListener@20ca951f, org.springframework.test.context.support.DirtiesContextTestExecutionListener@2d778add, org.springframework.test.context.transaction.TransactionalTestExecutionListener@73302995, org.springframework.test.context.jdbc.SqlScriptsTestExecutionListener@1838ccb8, org.springframework.boot.test.mock.mockito.ResetMocksTestExecutionListener@6c2ed0cd, org.springframework.boot.test.autoconfigure.restdocs.RestDocsTestExecutionListener@7d9e8ef7, org.springframework.boot.test.autoconfigure.web.client.MockRestServiceServerResetTestExecutionListener@f107c50, org.springframework.boot.test.autoconfigure.web.servlet.MockMvcPrintOnlyOnFailureTestExecutionListener@51133c06, org.springframework.boot.test.autoconfigure.web.servlet.WebDriverTestExecutionListener@4b213651]
12:15:06.338 [main] DEBUG org.springframework.test.annotation.ProfileValueUtils - Retrieved @ProfileValueSourceConfiguration [null] for test class [com.example.chetak.LeaveApplicationTests]
12:15:06.339 [main] DEBUG org.springframework.test.annotation.ProfileValueUtils - Retrieved ProfileValueSource type [class org.springframework.test.annotation.SystemProfileValueSource] for class [com.example.chetak.LeaveApplicationTests]
12:15:06.339 [main] DEBUG org.springframework.test.annotation.ProfileValueUtils - Retrieved @ProfileValueSourceConfiguration [null] for test class [com.example.chetak.LeaveApplicationTests]
12:15:06.339 [main] DEBUG org.springframework.test.annotation.ProfileValueUtils - Retrieved ProfileValueSource type [class org.springframework.test.annotation.SystemProfileValueSource] for class [com.example.chetak.LeaveApplicationTests]
12:15:06.340 [main] DEBUG org.springframework.test.annotation.ProfileValueUtils - Retrieved @ProfileValueSourceConfiguration [null] for test class [com.example.chetak.LeaveApplicationTests]
12:15:06.340 [main] DEBUG org.springframework.test.annotation.ProfileValueUtils - Retrieved ProfileValueSource type [class org.springframework.test.annotation.SystemProfileValueSource] for class [com.example.chetak.LeaveApplicationTests]
12:15:06.343 [main] DEBUG org.springframework.test.context.support.AbstractDirtiesContextTestExecutionListener - Before test class: context [DefaultTestContext@12d2ce03 testClass = LeaveApplicationTests, testInstance = [null], testMethod = [null], testException = [null], mergedContextConfiguration = [WebMergedContextConfiguration@7e5c856f testClass = LeaveApplicationTests, locations = '{}', classes = '{class com.example.chetak.LeaveApplication}', contextInitializerClasses = '[]', activeProfiles = '{}', propertySourceLocations = '{}', propertySourceProperties = '{org.springframework.boot.test.context.SpringBootTestContextBootstrapper=true}', contextCustomizers = set[org.springframework.boot.test.context.filter.ExcludeFilterContextCustomizer@696da30b, org.springframework.boot.test.json.DuplicateJsonObjectContextCustomizerFactory$DuplicateJsonObjectContextCustomizer@2bfc268b, org.springframework.boot.test.mock.mockito.MockitoContextCustomizer@0, org.springframework.boot.test.web.client.TestRestTemplateContextCustomizer@1cbb87f3, org.springframework.boot.test.autoconfigure.properties.PropertyMappingContextCustomizer@0, org.springframework.boot.test.autoconfigure.web.servlet.WebDriverContextCustomizerFactory$Customizer@6babf3bf], resourceBasePath = 'src/main/webapp', contextLoader = 'org.springframework.boot.test.context.SpringBootContextLoader', parent = [null]], attributes = map['org.springframework.test.context.web.ServletTestExecutionListener.activateListener' -> true]], class annotated with @DirtiesContext [false] with mode [null].
12:15:06.343 [main] DEBUG org.springframework.test.annotation.ProfileValueUtils - Retrieved @ProfileValueSourceConfiguration [null] for test class [com.example.chetak.LeaveApplicationTests]
12:15:06.344 [main] DEBUG org.springframework.test.annotation.ProfileValueUtils - Retrieved ProfileValueSource type [class org.springframework.test.annotation.SystemProfileValueSource] for class [com.example.chetak.LeaveApplicationTests]
12:15:06.361 [main] DEBUG org.springframework.core.env.StandardEnvironment - Adding PropertySource 'systemProperties' with lowest search precedence
12:15:06.362 [main] DEBUG org.springframework.core.env.StandardEnvironment - Adding PropertySource 'systemEnvironment' with lowest search precedence
12:15:06.362 [main] DEBUG org.springframework.core.env.StandardEnvironment - Initialized StandardEnvironment with PropertySources [MapPropertySource@1560702077 {name='systemProperties', properties={gopherProxySet=false, awt.toolkit=sun.lwawt.macosx.LWCToolkit, java.specification.version=11, sun.cpu.isalist=, sun.jnu.encoding=UTF-8, java.class.path=/Users/ankitrajprasad/My Work/Leave Management System/leave/target/test-classes:/Users/ankitrajprasad/My Work/Leave Management System/leave/target/classes:/Users/ankitrajprasad/.m2/repository/org/springframework/boot/spring-boot-starter-data-couchbase/2.0.4.RELEASE/spring-boot-starter-data-couchbase-2.0.4.RELEASE.jar:/Users/ankitrajprasad/.m2/repository/org/springframework/boot/spring-boot-starter/2.0.4.RELEASE/spring-boot-starter-2.0.4.RELEASE.jar:/Users/ankitrajprasad/.m2/repository/org/springframework/boot/spring-boot/2.0.4.RELEASE/spring-boot-2.0.4.RELEASE.jar:/Users/ankitrajprasad/.m2/repository/org/springframework/boot/spring-boot-autoconfigure/2.0.4.RELEASE/spring-boot-autoconfigure-2.0.4.RELEASE.jar:/Users/ankitrajprasad/.m2/repository/org/springframework/boot/spring-boot-starter-logging/2.0.4.RELEASE/spring-boot-starter-logging-2.0.4.RELEASE.jar:/Users/ankitrajprasad/.m2/repository/ch/qos/logback/logback-classic/1.2.3/logback-classic-1.2.3.jar:/Users/ankitrajprasad/.m2/repository/ch/qos/logback/logback-core/1.2.3/logback-core-1.2.3.jar:/Users/ankitrajprasad/.m2/repository/org/apache/logging/log4j/log4j-to-slf4j/2.10.0/log4j-to-slf4j-2.10.0.jar:/Users/ankitrajprasad/.m2/repository/org/apache/logging/log4j/log4j-api/2.10.0/log4j-api-2.10.0.jar:/Users/ankitrajprasad/.m2/repository/org/slf4j/jul-to-slf4j/1.7.25/jul-to-slf4j-1.7.25.jar:/Users/ankitrajprasad/.m2/repository/javax/annotation/javax.annotation-api/1.3.2/javax.annotation-api-1.3.2.jar:/Users/ankitrajprasad/.m2/repository/org/yaml/snakeyaml/1.19/snakeyaml-1.19.jar:/Users/ankitrajprasad/.m2/repository/org/springframework/data/spring-data-couchbase/3.0.9.RELEASE/spring-data-couchbase-3.0.9.RELEASE.jar:/Users/ankitrajprasad/.m2/repository/org/springframework/spring-context/5.0.8.RELEASE/spring-context-5.0.8.RELEASE.jar:/Users/ankitrajprasad/.m2/repository/org/springframework/spring-tx/5.0.8.RELEASE/spring-tx-5.0.8.RELEASE.jar:/Users/ankitrajprasad/.m2/repository/org/springframework/data/spring-data-commons/2.0.9.RELEASE/spring-data-commons-2.0.9.RELEASE.jar:/Users/ankitrajprasad/.m2/repository/com/couchbase/client/java-client/2.5.9/java-client-2.5.9.jar:/Users/ankitrajprasad/.m2/repository/com/couchbase/client/core-io/1.5.9/core-io-1.5.9.jar:/Users/ankitrajprasad/.m2/repository/io/reactivex/rxjava/1.3.8/rxjava-1.3.8.jar:/Users/ankitrajprasad/.m2/repository/com/fasterxml/jackson/core/jackson-databind/2.9.6/jackson-databind-2.9.6.jar:/Users/ankitrajprasad/.m2/repository/org/slf4j/slf4j-api/1.7.25/slf4j-api-1.7.25.jar:/Users/ankitrajprasad/.m2/repository/org/springframework/boot/spring-boot-starter-jersey/2.0.4.RELEASE/spring-boot-starter-jersey-2.0.4.RELEASE.jar:/Users/ankitrajprasad/.m2/repository/org/springframework/boot/spring-boot-starter-json/2.0.4.RELEASE/spring-boot-starter-json-2.0.4.RELEASE.jar:/Users/ankitrajprasad/.m2/repository/com/fasterxml/jackson/datatype/jackson-datatype-jdk8/2.9.6/jackson-datatype-jdk8-2.9.6.jar:/Users/ankitrajprasad/.m2/repository/com/fasterxml/jackson/datatype/jackson-datatype-jsr310/2.9.6/jackson-datatype-jsr310-2.9.6.jar:/Users/ankitrajprasad/.m2/repository/com/fasterxml/jackson/module/jackson-module-parameter-names/2.9.6/jackson-module-parameter-names-2.9.6.jar:/Users/ankitrajprasad/.m2/repository/org/springframework/boot/spring-boot-starter-tomcat/2.0.4.RELEASE/spring-boot-starter-tomcat-2.0.4.RELEASE.jar:/Users/ankitrajprasad/.m2/repository/org/apache/tomcat/embed/tomcat-embed-core/8.5.32/tomcat-embed-core-8.5.32.jar:/Users/ankitrajprasad/.m2/repository/org/apache/tomcat/embed/tomcat-embed-el/8.5.32/tomcat-embed-el-8.5.32.jar:/Users/ankitrajprasad/.m2/repository/org/apache/tomcat/embed/tomcat-embed-websocket/8.5.32/tomcat-embed-websocket-8.5.32.jar:/Users/ankitrajprasad/.m2/repository/org/springframework/boot/spring-boot-starter-validation/2.0.4.RELEASE/spring-boot-starter-validation-2.0.4.RELEASE.jar:/Users/ankitrajprasad/.m2/repository/org/springframework/spring-web/5.0.8.RELEASE/spring-web-5.0.8.RELEASE.jar:/Users/ankitrajprasad/.m2/repository/org/springframework/spring-beans/5.0.8.RELEASE/spring-beans-5.0.8.RELEASE.jar:/Users/ankitrajprasad/.m2/repository/org/glassfish/jersey/core/jersey-server/2.26/jersey-server-2.26.jar:/Users/ankitrajprasad/.m2/repository/org/glassfish/jersey/core/jersey-common/2.26/jersey-common-2.26.jar:/Users/ankitrajprasad/.m2/repository/org/glassfish/hk2/osgi-resource-locator/1.0.1/osgi-resource-locator-1.0.1.jar:/Users/ankitrajprasad/.m2/repository/org/glassfish/jersey/core/jersey-client/2.26/jersey-client-2.26.jar:/Users/ankitrajprasad/.m2/repository/javax/ws/rs/javax.ws.rs-api/2.1/javax.ws.rs-api-2.1.jar:/Users/ankitrajprasad/.m2/repository/org/glassfish/jersey/media/jersey-media-jaxb/2.26/jersey-media-jaxb-2.26.jar:/Users/ankitrajprasad/.m2/repository/javax/validation/validation-api/2.0.1.Final/validation-api-2.0.1.Final.jar:/Users/ankitrajprasad/.m2/repository/org/glassfish/jersey/containers/jersey-container-servlet-core/2.26/jersey-container-servlet-core-2.26.jar:/Users/ankitrajprasad/.m2/repository/org/glassfish/jersey/containers/jersey-container-servlet/2.26/jersey-container-servlet-2.26.jar:/Users/ankitrajprasad/.m2/repository/org/glassfish/jersey/ext/jersey-bean-validation/2.26/jersey-bean-validation-2.26.jar:/Users/ankitrajprasad/.m2/repository/org/glassfish/jersey/ext/jersey-spring4/2.26/jersey-spring4-2.26.jar:/Users/ankitrajprasad/.m2/repository/org/glassfish/jersey/inject/jersey-hk2/2.26/jersey-hk2-2.26.jar:/Users/ankitrajprasad/.m2/repository/org/glassfish/hk2/hk2-locator/2.5.0-b42/hk2-locator-2.5.0-b42.jar:/Users/ankitrajprasad/.m2/repository/org/glassfish/hk2/external/aopalliance-repackaged/2.5.0-b42/aopalliance-repackaged-2.5.0-b42.jar:/Users/ankitrajprasad/.m2/repository/org/javassist/javassist/3.22.0-CR2/javassist-3.22.0-CR2.jar:/Users/ankitrajprasad/.m2/repository/org/glassfish/hk2/hk2/2.5.0-b42/hk2-2.5.0-b42.jar:/Users/ankitrajprasad/.m2/repository/org/glassfish/hk2/hk2-utils/2.5.0-b42/hk2-utils-2.5.0-b42.jar:/Users/ankitrajprasad/.m2/repository/javax/inject/javax.inject/1/javax.inject-1.jar:/Users/ankitrajprasad/.m2/repository/org/glassfish/hk2/hk2-api/2.5.0-b42/hk2-api-2.5.0-b42.jar:/Users/ankitrajprasad/.m2/repository/org/glassfish/hk2/config-types/2.5.0-b42/config-types-2.5.0-b42.jar:/Users/ankitrajprasad/.m2/repository/org/glassfish/hk2/hk2-core/2.5.0-b42/hk2-core-2.5.0-b42.jar:/Users/ankitrajprasad/.m2/repository/org/glassfish/hk2/hk2-config/2.5.0-b42/hk2-config-2.5.0-b42.jar:/Users/ankitrajprasad/.m2/repository/org/glassfish/hk2/hk2-runlevel/2.5.0-b42/hk2-runlevel-2.5.0-b42.jar:/Users/ankitrajprasad/.m2/repository/org/glassfish/hk2/class-model/2.5.0-b42/class-model-2.5.0-b42.jar:/Users/ankitrajprasad/.m2/repository/org/glassfish/hk2/external/asm-all-repackaged/2.5.0-b42/asm-all-repackaged-2.5.0-b42.jar:/Users/ankitrajprasad/.m2/repository/org/glassfish/hk2/spring-bridge/2.5.0-b42/spring-bridge-2.5.0-b42.jar:/Users/ankitrajprasad/.m2/repository/org/springframework/spring-aop/5.0.8.RELEASE/spring-aop-5.0.8.RELEASE.jar:/Users/ankitrajprasad/.m2/repository/org/glassfish/jersey/media/jersey-media-json-jackson/2.26/jersey-media-json-jackson-2.26.jar:/Users/ankitrajprasad/.m2/repository/org/glassfish/jersey/ext/jersey-entity-filtering/2.26/jersey-entity-filtering-2.26.jar:/Users/ankitrajprasad/.m2/repository/com/fasterxml/jackson/core/jackson-annotations/2.9.0/jackson-annotations-2.9.0.jar:/Users/ankitrajprasad/.m2/repository/com/fasterxml/jackson/module/jackson-module-jaxb-annotations/2.9.6/jackson-module-jaxb-annotations-2.9.6.jar:/Users/ankitrajprasad/.m2/repository/org/springframework/boot/spring-boot-starter-web/2.0.4.RELEASE/spring-boot-starter-web-2.0.4.RELEASE.jar:/Users/ankitrajprasad/.m2/repository/org/hibernate/validator/hibernate-validator/6.0.11.Final/hibernate-validator-6.0.11.Final.jar:/Users/ankitrajprasad/.m2/repository/org/jboss/logging/jboss-logging/3.3.2.Final/jboss-logging-3.3.2.Final.jar:/Users/ankitrajprasad/.m2/repository/com/fasterxml/classmate/1.3.4/classmate-1.3.4.jar:/Users/ankitrajprasad/.m2/repository/org/openjfx/javafx.base/11.0.0-SNAPSHOT/javafx.base-11.0.0-SNAPSHOT.jar:/Users/ankitrajprasad/.m2/repository/org/openjfx/javafx.base/11.0.0-SNAPSHOT/javafx.base-11.0.0-SNAPSHOT-linux.jar:/Users/ankitrajprasad/.m2/repository/org/openjfx/javafx.base/11.0.0-SNAPSHOT/javafx.base-11.0.0-SNAPSHOT-mac.jar:/Users/ankitrajprasad/.m2/repository/org/openjfx/javafx.base/11.0.0-SNAPSHOT/javafx.base-11.0.0-SNAPSHOT-win.jar:/Users/ankitrajprasad/.m2/repository/org/springframework/spring-webmvc/5.0.8.RELEASE/spring-webmvc-5.0.8.RELEASE.jar:/Users/ankitrajprasad/.m2/repository/org/springframework/spring-expression/5.0.8.RELEASE/spring-expression-5.0.8.RELEASE.jar:/Users/ankitrajprasad/.m2/repository/org/springframework/boot/spring-boot-starter-test/2.0.4.RELEASE/spring-boot-starter-test-2.0.4.RELEASE.jar:/Users/ankitrajprasad/.m2/repository/org/springframework/boot/spring-boot-test/2.0.4.RELEASE/spring-boot-test-2.0.4.RELEASE.jar:/Users/ankitrajprasad/.m2/repository/org/springframework/boot/spring-boot-test-autoconfigure/2.0.4.RELEASE/spring-boot-test-autoconfigure-2.0.4.RELEASE.jar:/Users/ankitrajprasad/.m2/repository/com/jayway/jsonpath/json-path/2.4.0/json-path-2.4.0.jar:/Users/ankitrajprasad/.m2/repository/net/minidev/json-smart/2.3/json-smart-2.3.jar:/Users/ankitrajprasad/.m2/repository/net/minidev/accessors-smart/1.2/accessors-smart-1.2.jar:/Users/ankitrajprasad/.m2/repository/org/ow2/asm/asm/5.0.4/asm-5.0.4.jar:/Users/ankitrajprasad/.m2/repository/junit/junit/4.12/junit-4.12.jar:/Users/ankitrajprasad/.m2/repository/org/assertj/assertj-core/3.9.1/assertj-core-3.9.1.jar:/Users/ankitrajprasad/.m2/repository/org/mockito/mockito-core/2.15.0/mockito-core-2.15.0.jar:/Users/ankitrajprasad/.m2/repository/net/bytebuddy/byte-buddy/1.7.11/byte-buddy-1.7.11.jar:/Users/ankitrajprasad/.m2/repository/net/bytebuddy/byte-buddy-agent/1.7.11/byte-buddy-agent-1.7.11.jar:/Users/ankitrajprasad/.m2/repository/org/objenesis/objenesis/2.6/objenesis-2.6.jar:/Users/ankitrajprasad/.m2/repository/org/hamcrest/hamcrest-core/1.3/hamcrest-core-1.3.jar:/Users/ankitrajprasad/.m2/repository/org/hamcrest/hamcrest-library/1.3/hamcrest-library-1.3.jar:/Users/ankitrajprasad/.m2/repository/org/skyscreamer/jsonassert/1.5.0/jsonassert-1.5.0.jar:/Users/ankitrajprasad/.m2/repository/com/vaadin/external/google/android-json/0.0.20131108.vaadin1/android-json-0.0.20131108.vaadin1.jar:/Users/ankitrajprasad/.m2/repository/org/springframework/spring-core/5.0.8.RELEASE/spring-core-5.0.8.RELEASE.jar:/Users/ankitrajprasad/.m2/repository/org/springframework/spring-jcl/5.0.8.RELEASE/spring-jcl-5.0.8.RELEASE.jar:/Users/ankitrajprasad/.m2/repository/org/springframework/spring-test/5.0.8.RELEASE/spring-test-5.0.8.RELEASE.jar:/Users/ankitrajprasad/.m2/repository/org/xmlunit/xmlunit-core/2.5.1/xmlunit-core-2.5.1.jar:/Users/ankitrajprasad/.m2/repository/com/fasterxml/jackson/core/jackson-core/2.9.5/jackson-core-2.9.5.jar:, java.vm.vendor=Oracle Corporation, sun.arch.data.model=64, java.vendor.url=https://openjdk.java.net/, user.timezone=Asia/Kolkata, os.name=Mac OS X, java.vm.specification.version=11, sun.java.launcher=SUN_STANDARD, user.country=IN, sun.boot.library.path=/Library/Java/JavaVirtualMachines/jdk-11.0.10.jdk/Contents/Home/lib, sun.java.command=/Users/ankitrajprasad/My Work/Leave Management System/leave/target/surefire/surefirebooter12593757893503615852.jar /Users/ankitrajprasad/My Work/Leave Management System/leave/target/surefire 2021-06-07T12-15-02_760-jvmRun1 surefire11598457077544621674tmp surefire_015632693234094638609tmp, http.nonProxyHosts=local|*.local|169.254/16|*.169.254/16, jdk.debug=release, surefire.test.class.path=/Users/ankitrajprasad/My Work/Leave Management System/leave/target/test-classes:/Users/ankitrajprasad/My Work/Leave Management System/leave/target/classes:/Users/ankitrajprasad/.m2/repository/org/springframework/boot/spring-boot-starter-data-couchbase/2.0.4.RELEASE/spring-boot-starter-data-couchbase-2.0.4.RELEASE.jar:/Users/ankitrajprasad/.m2/repository/org/springframework/boot/spring-boot-starter/2.0.4.RELEASE/spring-boot-starter-2.0.4.RELEASE.jar:/Users/ankitrajprasad/.m2/repository/org/springframework/boot/spring-boot/2.0.4.RELEASE/spring-boot-2.0.4.RELEASE.jar:/Users/ankitrajprasad/.m2/repository/org/springframework/boot/spring-boot-autoconfigure/2.0.4.RELEASE/spring-boot-autoconfigure-2.0.4.RELEASE.jar:/Users/ankitrajprasad/.m2/repository/org/springframework/boot/spring-boot-starter-logging/2.0.4.RELEASE/spring-boot-starter-logging-2.0.4.RELEASE.jar:/Users/ankitrajprasad/.m2/repository/ch/qos/logback/logback-classic/1.2.3/logback-classic-1.2.3.jar:/Users/ankitrajprasad/.m2/repository/ch/qos/logback/logback-core/1.2.3/logback-core-1.2.3.jar:/Users/ankitrajprasad/.m2/repository/org/apache/logging/log4j/log4j-to-slf4j/2.10.0/log4j-to-slf4j-2.10.0.jar:/Users/ankitrajprasad/.m2/repository/org/apache/logging/log4j/log4j-api/2.10.0/log4j-api-2.10.0.jar:/Users/ankitrajprasad/.m2/repository/org/slf4j/jul-to-slf4j/1.7.25/jul-to-slf4j-1.7.25.jar:/Users/ankitrajprasad/.m2/repository/javax/annotation/javax.annotation-api/1.3.2/javax.annotation-api-1.3.2.jar:/Users/ankitrajprasad/.m2/repository/org/yaml/snakeyaml/1.19/snakeyaml-1.19.jar:/Users/ankitrajprasad/.m2/repository/org/springframework/data/spring-data-couchbase/3.0.9.RELEASE/spring-data-couchbase-3.0.9.RELEASE.jar:/Users/ankitrajprasad/.m2/repository/org/springframework/spring-context/5.0.8.RELEASE/spring-context-5.0.8.RELEASE.jar:/Users/ankitrajprasad/.m2/repository/org/springframework/spring-tx/5.0.8.RELEASE/spring-tx-5.0.8.RELEASE.jar:/Users/ankitrajprasad/.m2/repository/org/springframework/data/spring-data-commons/2.0.9.RELEASE/spring-data-commons-2.0.9.RELEASE.jar:/Users/ankitrajprasad/.m2/repository/com/couchbase/client/java-client/2.5.9/java-client-2.5.9.jar:/Users/ankitrajprasad/.m2/repository/com/couchbase/client/core-io/1.5.9/core-io-1.5.9.jar:/Users/ankitrajprasad/.m2/repository/io/reactivex/rxjava/1.3.8/rxjava-1.3.8.jar:/Users/ankitrajprasad/.m2/repository/com/fasterxml/jackson/core/jackson-databind/2.9.6/jackson-databind-2.9.6.jar:/Users/ankitrajprasad/.m2/repository/org/slf4j/slf4j-api/1.7.25/slf4j-api-1.7.25.jar:/Users/ankitrajprasad/.m2/repository/org/springframework/boot/spring-boot-starter-jersey/2.0.4.RELEASE/spring-boot-starter-jersey-2.0.4.RELEASE.jar:/Users/ankitrajprasad/.m2/repository/org/springframework/boot/spring-boot-starter-json/2.0.4.RELEASE/spring-boot-starter-json-2.0.4.RELEASE.jar:/Users/ankitrajprasad/.m2/repository/com/fasterxml/jackson/datatype/jackson-datatype-jdk8/2.9.6/jackson-datatype-jdk8-2.9.6.jar:/Users/ankitrajprasad/.m2/repository/com/fasterxml/jackson/datatype/jackson-datatype-jsr310/2.9.6/jackson-datatype-jsr310-2.9.6.jar:/Users/ankitrajprasad/.m2/repository/com/fasterxml/jackson/module/jackson-module-parameter-names/2.9.6/jackson-module-parameter-names-2.9.6.jar:/Users/ankitrajprasad/.m2/repository/org/springframework/boot/spring-boot-starter-tomcat/2.0.4.RELEASE/spring-boot-starter-tomcat-2.0.4.RELEASE.jar:/Users/ankitrajprasad/.m2/repository/org/apache/tomcat/embed/tomcat-embed-core/8.5.32/tomcat-embed-core-8.5.32.jar:/Users/ankitrajprasad/.m2/repository/org/apache/tomcat/embed/tomcat-embed-el/8.5.32/tomcat-embed-el-8.5.32.jar:/Users/ankitrajprasad/.m2/repository/org/apache/tomcat/embed/tomcat-embed-websocket/8.5.32/tomcat-embed-websocket-8.5.32.jar:/Users/ankitrajprasad/.m2/repository/org/springframework/boot/spring-boot-starter-validation/2.0.4.RELEASE/spring-boot-starter-validation-2.0.4.RELEASE.jar:/Users/ankitrajprasad/.m2/repository/org/springframework/spring-web/5.0.8.RELEASE/spring-web-5.0.8.RELEASE.jar:/Users/ankitrajprasad/.m2/repository/org/springframework/spring-beans/5.0.8.RELEASE/spring-beans-5.0.8.RELEASE.jar:/Users/ankitrajprasad/.m2/repository/org/glassfish/jersey/core/jersey-server/2.26/jersey-server-2.26.jar:/Users/ankitrajprasad/.m2/repository/org/glassfish/jersey/core/jersey-common/2.26/jersey-common-2.26.jar:/Users/ankitrajprasad/.m2/repository/org/glassfish/hk2/osgi-resource-locator/1.0.1/osgi-resource-locator-1.0.1.jar:/Users/ankitrajprasad/.m2/repository/org/glassfish/jersey/core/jersey-client/2.26/jersey-client-2.26.jar:/Users/ankitrajprasad/.m2/repository/javax/ws/rs/javax.ws.rs-api/2.1/javax.ws.rs-api-2.1.jar:/Users/ankitrajprasad/.m2/repository/org/glassfish/jersey/media/jersey-media-jaxb/2.26/jersey-media-jaxb-2.26.jar:/Users/ankitrajprasad/.m2/repository/javax/validation/validation-api/2.0.1.Final/validation-api-2.0.1.Final.jar:/Users/ankitrajprasad/.m2/repository/org/glassfish/jersey/containers/jersey-container-servlet-core/2.26/jersey-container-servlet-core-2.26.jar:/Users/ankitrajprasad/.m2/repository/org/glassfish/jersey/containers/jersey-container-servlet/2.26/jersey-container-servlet-2.26.jar:/Users/ankitrajprasad/.m2/repository/org/glassfish/jersey/ext/jersey-bean-validation/2.26/jersey-bean-validation-2.26.jar:/Users/ankitrajprasad/.m2/repository/org/glassfish/jersey/ext/jersey-spring4/2.26/jersey-spring4-2.26.jar:/Users/ankitrajprasad/.m2/repository/org/glassfish/jersey/inject/jersey-hk2/2.26/jersey-hk2-2.26.jar:/Users/ankitrajprasad/.m2/repository/org/glassfish/hk2/hk2-locator/2.5.0-b42/hk2-locator-2.5.0-b42.jar:/Users/ankitrajprasad/.m2/repository/org/glassfish/hk2/external/aopalliance-repackaged/2.5.0-b42/aopalliance-repackaged-2.5.0-b42.jar:/Users/ankitrajprasad/.m2/repository/org/javassist/javassist/3.22.0-CR2/javassist-3.22.0-CR2.jar:/Users/ankitrajprasad/.m2/repository/org/glassfish/hk2/hk2/2.5.0-b42/hk2-2.5.0-b42.jar:/Users/ankitrajprasad/.m2/repository/org/glassfish/hk2/hk2-utils/2.5.0-b42/hk2-utils-2.5.0-b42.jar:/Users/ankitrajprasad/.m2/repository/javax/inject/javax.inject/1/javax.inject-1.jar:/Users/ankitrajprasad/.m2/repository/org/glassfish/hk2/hk2-api/2.5.0-b42/hk2-api-2.5.0-b42.jar:/Users/ankitrajprasad/.m2/repository/org/glassfish/hk2/config-types/2.5.0-b42/config-types-2.5.0-b42.jar:/Users/ankitrajprasad/.m2/repository/org/glassfish/hk2/hk2-core/2.5.0-b42/hk2-core-2.5.0-b42.jar:/Users/ankitrajprasad/.m2/repository/org/glassfish/hk2/hk2-config/2.5.0-b42/hk2-config-2.5.0-b42.jar:/Users/ankitrajprasad/.m2/repository/org/glassfish/hk2/hk2-runlevel/2.5.0-b42/hk2-runlevel-2.5.0-b42.jar:/Users/ankitrajprasad/.m2/repository/org/glassfish/hk2/class-model/2.5.0-b42/class-model-2.5.0-b42.jar:/Users/ankitrajprasad/.m2/repository/org/glassfish/hk2/external/asm-all-repackaged/2.5.0-b42/asm-all-repackaged-2.5.0-b42.jar:/Users/ankitrajprasad/.m2/repository/org/glassfish/hk2/spring-bridge/2.5.0-b42/spring-bridge-2.5.0-b42.jar:/Users/ankitrajprasad/.m2/repository/org/springframework/spring-aop/5.0.8.RELEASE/spring-aop-5.0.8.RELEASE.jar:/Users/ankitrajprasad/.m2/repository/org/glassfish/jersey/media/jersey-media-json-jackson/2.26/jersey-media-json-jackson-2.26.jar:/Users/ankitrajprasad/.m2/repository/org/glassfish/jersey/ext/jersey-entity-filtering/2.26/jersey-entity-filtering-2.26.jar:/Users/ankitrajprasad/.m2/repository/com/fasterxml/jackson/core/jackson-annotations/2.9.0/jackson-annotations-2.9.0.jar:/Users/ankitrajprasad/.m2/repository/com/fasterxml/jackson/module/jackson-module-jaxb-annotations/2.9.6/jackson-module-jaxb-annotations-2.9.6.jar:/Users/ankitrajprasad/.m2/repository/org/springframework/boot/spring-boot-starter-web/2.0.4.RELEASE/spring-boot-starter-web-2.0.4.RELEASE.jar:/Users/ankitrajprasad/.m2/repository/org/hibernate/validator/hibernate-validator/6.0.11.Final/hibernate-validator-6.0.11.Final.jar:/Users/ankitrajprasad/.m2/repository/org/jboss/logging/jboss-logging/3.3.2.Final/jboss-logging-3.3.2.Final.jar:/Users/ankitrajprasad/.m2/repository/com/fasterxml/classmate/1.3.4/classmate-1.3.4.jar:/Users/ankitrajprasad/.m2/repository/org/openjfx/javafx.base/11.0.0-SNAPSHOT/javafx.base-11.0.0-SNAPSHOT.jar:/Users/ankitrajprasad/.m2/repository/org/openjfx/javafx.base/11.0.0-SNAPSHOT/javafx.base-11.0.0-SNAPSHOT-linux.jar:/Users/ankitrajprasad/.m2/repository/org/openjfx/javafx.base/11.0.0-SNAPSHOT/javafx.base-11.0.0-SNAPSHOT-mac.jar:/Users/ankitrajprasad/.m2/repository/org/openjfx/javafx.base/11.0.0-SNAPSHOT/javafx.base-11.0.0-SNAPSHOT-win.jar:/Users/ankitrajprasad/.m2/repository/org/springframework/spring-webmvc/5.0.8.RELEASE/spring-webmvc-5.0.8.RELEASE.jar:/Users/ankitrajprasad/.m2/repository/org/springframework/spring-expression/5.0.8.RELEASE/spring-expression-5.0.8.RELEASE.jar:/Users/ankitrajprasad/.m2/repository/org/springframework/boot/spring-boot-starter-test/2.0.4.RELEASE/spring-boot-starter-test-2.0.4.RELEASE.jar:/Users/ankitrajprasad/.m2/repository/org/springframework/boot/spring-boot-test/2.0.4.RELEASE/spring-boot-test-2.0.4.RELEASE.jar:/Users/ankitrajprasad/.m2/repository/org/springframework/boot/spring-boot-test-autoconfigure/2.0.4.RELEASE/spring-boot-test-autoconfigure-2.0.4.RELEASE.jar:/Users/ankitrajprasad/.m2/repository/com/jayway/jsonpath/json-path/2.4.0/json-path-2.4.0.jar:/Users/ankitrajprasad/.m2/repository/net/minidev/json-smart/2.3/json-smart-2.3.jar:/Users/ankitrajprasad/.m2/repository/net/minidev/accessors-smart/1.2/accessors-smart-1.2.jar:/Users/ankitrajprasad/.m2/repository/org/ow2/asm/asm/5.0.4/asm-5.0.4.jar:/Users/ankitrajprasad/.m2/repository/junit/junit/4.12/junit-4.12.jar:/Users/ankitrajprasad/.m2/repository/org/assertj/assertj-core/3.9.1/assertj-core-3.9.1.jar:/Users/ankitrajprasad/.m2/repository/org/mockito/mockito-core/2.15.0/mockito-core-2.15.0.jar:/Users/ankitrajprasad/.m2/repository/net/bytebuddy/byte-buddy/1.7.11/byte-buddy-1.7.11.jar:/Users/ankitrajprasad/.m2/repository/net/bytebuddy/byte-buddy-agent/1.7.11/byte-buddy-agent-1.7.11.jar:/Users/ankitrajprasad/.m2/repository/org/objenesis/objenesis/2.6/objenesis-2.6.jar:/Users/ankitrajprasad/.m2/repository/org/hamcrest/hamcrest-core/1.3/hamcrest-core-1.3.jar:/Users/ankitrajprasad/.m2/repository/org/hamcrest/hamcrest-library/1.3/hamcrest-library-1.3.jar:/Users/ankitrajprasad/.m2/repository/org/skyscreamer/jsonassert/1.5.0/jsonassert-1.5.0.jar:/Users/ankitrajprasad/.m2/repository/com/vaadin/external/google/android-json/0.0.20131108.vaadin1/android-json-0.0.20131108.vaadin1.jar:/Users/ankitrajprasad/.m2/repository/org/springframework/spring-core/5.0.8.RELEASE/spring-core-5.0.8.RELEASE.jar:/Users/ankitrajprasad/.m2/repository/org/springframework/spring-jcl/5.0.8.RELEASE/spring-jcl-5.0.8.RELEASE.jar:/Users/ankitrajprasad/.m2/repository/org/springframework/spring-test/5.0.8.RELEASE/spring-test-5.0.8.RELEASE.jar:/Users/ankitrajprasad/.m2/repository/org/xmlunit/xmlunit-core/2.5.1/xmlunit-core-2.5.1.jar:/Users/ankitrajprasad/.m2/repository/com/fasterxml/jackson/core/jackson-core/2.9.5/jackson-core-2.9.5.jar:, sun.cpu.endian=little, user.home=/Users/ankitrajprasad, user.language=en, java.specification.vendor=Oracle Corporation, java.version.date=2021-01-19, java.home=/Library/Java/JavaVirtualMachines/jdk-11.0.10.jdk/Contents/Home, file.separator=/, basedir=/Users/ankitrajprasad/My Work/Leave Management System/leave, java.vm.compressedOopsMode=Zero based, line.separator=
, java.specification.name=Java Platform API Specification, java.vm.specification.vendor=Oracle Corporation, java.awt.graphicsenv=sun.awt.CGraphicsEnvironment, surefire.real.class.path=/Users/ankitrajprasad/My Work/Leave Management System/leave/target/surefire/surefirebooter12593757893503615852.jar, sun.management.compiler=HotSpot 64-Bit Tiered Compilers, ftp.nonProxyHosts=local|*.local|169.254/16|*.169.254/16, java.runtime.version=11.0.10+8-LTS-162, user.name=ankitrajprasad, path.separator=:, os.version=10.16, java.runtime.name=Java(TM) SE Runtime Environment, file.encoding=US-ASCII, java.vm.name=Java HotSpot(TM) 64-Bit Server VM, java.vendor.version=18.9, localRepository=/Users/ankitrajprasad/.m2/repository, java.vendor.url.bug=https://bugreport.java.com/bugreport/, java.io.tmpdir=/var/folders/r8/tzb44v250cbc710y4dsd493w0000gn/T/, idea.version=2021.1.1, java.version=11.0.10, user.dir=/Users/ankitrajprasad/My Work/Leave Management System/leave, os.arch=x86_64, java.vm.specification.name=Java Virtual Machine Specification, java.awt.printerjob=sun.lwawt.macosx.CPrinterJob, sun.os.patch.level=unknown, java.library.path=/Users/ankitrajprasad/Library/Java/Extensions:/Library/Java/Extensions:/Network/Library/Java/Extensions:/System/Library/Java/Extensions:/usr/lib/java:., java.vendor=Oracle Corporation, java.vm.info=mixed mode, java.vm.version=11.0.10+8-LTS-162, sun.io.unicode.encoding=UnicodeBig, java.class.version=55.0, socksNonProxyHosts=local|*.local|169.254/16|*.169.254/16}}, SystemEnvironmentPropertySource@507911745 {name='systemEnvironment', properties={PATH=/usr/local/bin:/usr/bin:/bin:/usr/sbin:/sbin:/Library/Apple/usr/bin:/Users/ankitrajprasad/Development/apache-maven-3.6.3/bin:/Applications/Visual Studio Code.app/Contents/Resources/app/bin:/usr/local/mysql/bin/, JAVA_MAIN_CLASS_2195=org.apache.maven.surefire.booter.ForkedBooter, COMMAND_MODE=unix2003, VERSIONER_PYTHON_VERSION=2.7, JAVA_MAIN_CLASS_2179=org.codehaus.classworlds.Launcher, LOGNAME=ankitrajprasad, XPC_SERVICE_NAME=0, PWD=/Users/ankitrajprasad/My Work/Leave Management System/leave, _=/Library/Java/JavaVirtualMachines/jdk-11.0.10.jdk/Contents/Home/bin/java, __CFBundleIdentifier=com.jetbrains.intellij, SHELL=/bin/zsh, PAGER=less, LSCOLORS=Gxfxcxdxbxegedabagacad, OLDPWD=/Users/ankitrajprasad/My Work/Leave Management System/leave, USER=ankitrajprasad, ZSH=/Users/ankitrajprasad/.oh-my-zsh, TMPDIR=/var/folders/r8/tzb44v250cbc710y4dsd493w0000gn/T/, SSH_AUTH_SOCK=/private/tmp/com.apple.launchd.KIGjmfrTRt/Listeners, XPC_FLAGS=0x0, M2_HOME=/Users/ankitrajprasad/Development/apache-maven-3.6.3, __CF_USER_TEXT_ENCODING=0x1F5:0x0:0x0, LESS=-R, LC_CTYPE=en_IN.UTF-8, HOME=/Users/ankitrajprasad, SHLVL=1}}]
12:15:06.365 [main] DEBUG org.springframework.test.context.support.TestPropertySourceUtils - Adding inlined properties to environment: {spring.jmx.enabled=false, org.springframework.boot.test.context.SpringBootTestContextBootstrapper=true, server.port=-1}
12:15:06.365 [main] DEBUG org.springframework.core.env.StandardEnvironment - Adding PropertySource 'Inlined Test Properties' with highest search precedence

  .   ____          _            __ _ _
 /\\ / ___'_ __ _ _(_)_ __  __ _ \ \ \ \
( ( )\___ | '_ | '_| | '_ \/ _` | \ \ \ \
 \\/  ___)| |_)| | | | | || (_| |  ) ) ) )
  '  |____| .__|_| |_|_| |_\__, | / / / /
 =========|_|==============|___/=/_/_/_/
 :: Spring Boot ::        (v2.0.4.RELEASE)

2021-06-07 12:15:06.816  INFO 2195 --- [           main] c.example.chetak.LeaveApplicationTests   : Starting LeaveApplicationTests on ANKITs-MacBook-Pro.local with PID 2195 (started by ankitrajprasad in /Users/ankitrajprasad/My Work/Leave Management System/leave)
2021-06-07 12:15:06.817  INFO 2195 --- [           main] c.example.chetak.LeaveApplicationTests   : No active profile set, falling back to default profiles: default
2021-06-07 12:15:06.844  INFO 2195 --- [           main] o.s.w.c.s.GenericWebApplicationContext   : Refreshing org.springframework.web.context.support.GenericWebApplicationContext@abf688e: startup date [Mon Jun 07 12:15:06 IST 2021]; root of context hierarchy
2021-06-07 12:15:07.393  INFO 2195 --- [           main] o.s.b.f.s.DefaultListableBeanFactory     : Overriding bean definition for bean 'requestContextFilter' with a different definition: replacing [Root bean: class [null]; scope=; abstract=false; lazyInit=false; autowireMode=3; dependencyCheck=0; autowireCandidate=true; primary=false; factoryBeanName=org.springframework.boot.autoconfigure.jersey.JerseyAutoConfiguration; factoryMethodName=requestContextFilter; initMethodName=null; destroyMethodName=(inferred); defined in class path resource [org/springframework/boot/autoconfigure/jersey/JerseyAutoConfiguration.class]] with [Root bean: class [org.springframework.boot.autoconfigure.web.servlet.WebMvcAutoConfiguration$WebMvcAutoConfigurationAdapter]; scope=; abstract=false; lazyInit=false; autowireMode=3; dependencyCheck=0; autowireCandidate=true; primary=false; factoryBeanName=null; factoryMethodName=requestContextFilter; initMethodName=null; destroyMethodName=(inferred); defined in class path resource [org/springframework/boot/autoconfigure/web/servlet/WebMvcAutoConfiguration$WebMvcAutoConfigurationAdapter.class]]
2021-06-07 12:15:07.651  INFO 2195 --- [           main] f.a.AutowiredAnnotationBeanPostProcessor : JSR-330 'javax.inject.Inject' annotation found and supported for autowiring
2021-06-07 12:15:07.872  INFO 2195 --- [           main] com.couchbase.client.core.CouchbaseCore  : CouchbaseEnvironment: {sslEnabled=false, sslKeystoreFile='null', sslTruststoreFile='null', sslKeystorePassword=false, sslTruststorePassword=false, sslKeystore=null, sslTruststore=null, bootstrapHttpEnabled=true, bootstrapCarrierEnabled=true, bootstrapHttpDirectPort=8091, bootstrapHttpSslPort=18091, bootstrapCarrierDirectPort=11210, bootstrapCarrierSslPort=11207, ioPoolSize=16, computationPoolSize=16, responseBufferSize=16384, requestBufferSize=16384, kvServiceEndpoints=1, viewServiceEndpoints=12, queryServiceEndpoints=12, searchServiceEndpoints=12, configPollInterval=2500, configPollFloorInterval=50, ioPool=NioEventLoopGroup, kvIoPool=null, viewIoPool=null, searchIoPool=null, queryIoPool=null, coreScheduler=CoreScheduler, memcachedHashingStrategy=DefaultMemcachedHashingStrategy, eventBus=DefaultEventBus, packageNameAndVersion=couchbase-java-client/2.5.9 (git: 2.5.9, core: 1.5.9), retryStrategy=BestEffort, maxRequestLifetime=75000, retryDelay=ExponentialDelay{growBy 1.0 MICROSECONDS, powers of 2; lower=100, upper=100000}, reconnectDelay=ExponentialDelay{growBy 1.0 MILLISECONDS, powers of 2; lower=32, upper=4096}, observeIntervalDelay=ExponentialDelay{growBy 1.0 MICROSECONDS, powers of 2; lower=10, upper=100000}, keepAliveInterval=30000, continuousKeepAliveEnabled=true, keepAliveErrorThreshold=4, keepAliveTimeout=2500, autoreleaseAfter=2000, bufferPoolingEnabled=true, tcpNodelayEnabled=true, mutationTokensEnabled=false, socketConnectTimeout=1000, callbacksOnIoPool=false, disconnectTimeout=25000, requestBufferWaitStrategy=com.couchbase.client.core.env.DefaultCoreEnvironment$2@4b4eced1, certAuthEnabled=false, coreSendHook=null, forceSaslPlain=false, queryTimeout=7500, viewTimeout=7500, searchTimeout=75000, analyticsTimeout=75000, kvTimeout=2500, connectTimeout=50000, dnsSrvEnabled=false}
2021-06-07 12:15:08.098  WARN 2195 --- [      cb-io-1-1] c.c.client.core.endpoint.Endpoint        : [localhost:11210][KeyValueEndpoint]: Could not connect to remote socket: Connection refused: localhost/127.0.0.1:11210
2021-06-07 12:15:08.103  WARN 2195 --- [      cb-io-1-2] c.c.client.core.endpoint.Endpoint        : [localhost:11210][KeyValueEndpoint]: Could not connect to remote socket: Connection refused: localhost/127.0.0.1:11210
2021-06-07 12:15:08.103  WARN 2195 --- [      cb-io-1-2] c.c.client.core.endpoint.Endpoint        : Error during reconnect: com.couchbase.client.deps.io.netty.channel.AbstractChannel$AnnotatedConnectException: Connection refused: localhost/127.0.0.1:11210
2021-06-07 12:15:08.122  WARN 2195 --- [      cb-io-1-3] c.c.client.core.endpoint.Endpoint        : [localhost:8091][ConfigEndpoint]: Could not connect to remote socket: Connection refused: localhost/127.0.0.1:8091
[...]
	at org.springframework.beans.BeanUtils.instantiateClass(BeanUtils.java:182) ~[spring-beans-5.0.8.RELEASE.jar:5.0.8.RELEASE]
	at org.springframework.beans.factory.support.SimpleInstantiationStrategy.instantiate(SimpleInstantiationStrategy.java:117) ~[spring-beans-5.0.8.RELEASE.jar:5.0.8.RELEASE]
	at org.springframework.beans.factory.support.ConstructorResolver.autowireConstructor(ConstructorResolver.java:275) ~[spring-beans-5.0.8.RELEASE.jar:5.0.8.RELEASE]
	... 81 common frames omitted
Caused by: org.springframework.beans.factory.BeanCreationException: Error creating bean with name 'springBootCouchbaseConfigurer' defined in class path resource [org/springframework/boot/autoconfigure/data/couchbase/CouchbaseConfigurerAdapterConfiguration.class]: Bean instantiation via factory method failed; nested exception is org.springframework.beans.BeanInstantiationException: Failed to instantiate [org.springframework.data.couchbase.config.CouchbaseConfigurer]: Factory method 'springBootCouchbaseConfigurer' threw exception; nested exception is org.springframework.beans.factory.BeanCreationException: Error creating bean with name 'couchbaseClient' defined in class path resource [org/springframework/boot/autoconfigure/couchbase/CouchbaseAutoConfiguration$CouchbaseConfiguration.class]: Bean instantiation via factory method failed; nested exception is org.springframework.beans.BeanInstantiationException: Failed to instantiate [com.couchbase.client.java.Bucket]: Factory method 'couchbaseClient' threw exception; nested exception is com.couchbase.client.core.config.ConfigurationException: Could not open bucket.
	at org.springframework.beans.factory.support.ConstructorResolver.instantiateUsingFactoryMethod(ConstructorResolver.java:590) ~[spring-beans-5.0.8.RELEASE.jar:5.0.8.RELEASE]
	at org.springframework.beans.factory.support.AbstractAutowireCapableBeanFactory.instantiateUsingFactoryMethod(AbstractAutowireCapableBeanFactory.java:1247) ~[spring-beans-5.0.8.RELEASE.jar:5.0.8.RELEASE]
	at org.springframework.beans.factory.support.AbstractAutowireCapableBeanFactory.createBeanInstance(AbstractAutowireCapableBeanFactory.java:1096) ~[spring-beans-5.0.8.RELEASE.jar:5.0.8.RELEASE]
	at org.springframework.beans.factory.support.AbstractAutowireCapableBeanFactory.doCreateBean(AbstractAutowireCapableBeanFactory.java:535) ~[spring-beans-5.0.8.RELEASE.jar:5.0.8.RELEASE]
	at org.springframework.beans.factory.support.AbstractAutowireCapableBeanFactory.createBean(AbstractAutowireCapableBeanFactory.java:495) ~[spring-beans-5.0.8.RELEASE.jar:5.0.8.RELEASE]
	at org.springframework.beans.factory.support.AbstractBeanFactory.lambda$doGetBean$0(AbstractBeanFactory.java:317) ~[spring-beans-5.0.8.RELEASE.jar:5.0.8.RELEASE]
	at org.springframework.beans.factory.support.DefaultSingletonBeanRegistry.getSingleton(DefaultSingletonBeanRegistry.java:222) ~[spring-beans-5.0.8.RELEASE.jar:5.0.8.RELEASE]
	at org.springframework.beans.factory.support.AbstractBeanFactory.doGetBean(AbstractBeanFactory.java:315) ~[spring-beans-5.0.8.RELEASE.jar:5.0.8.RELEASE]
	at org.springframework.beans.factory.support.AbstractBeanFactory.getBean(AbstractBeanFactory.java:199) ~[spring-beans-5.0.8.RELEASE.jar:5.0.8.RELEASE]
	at org.springframework.beans.factory.config.DependencyDescriptor.resolveCandidate(DependencyDescriptor.java:251) ~[spring-beans-5.0.8.RELEASE.jar:5.0.8.RELEASE]
	at org.springframework.beans.factory.support.DefaultListableBeanFactory.doResolveDependency(DefaultListableBeanFactory.java:1135) ~[spring-beans-5.0.8.RELEASE.jar:5.0.8.RELEASE]
	at org.springframework.beans.factory.support.DefaultListableBeanFactory$DependencyObjectProvider.getIfAvailable(DefaultListableBeanFactory.java:1706) ~[spring-beans-5.0.8.RELEASE.jar:5.0.8.RELEASE]
	at org.springframework.boot.autoconfigure.data.couchbase.SpringBootCouchbaseDataConfiguration.<init>(SpringBootCouchbaseDataConfiguration.java:59) ~[spring-boot-autoconfigure-2.0.4.RELEASE.jar:2.0.4.RELEASE]
	at org.springframework.boot.autoconfigure.data.couchbase.SpringBootCouchbaseDataConfiguration$$EnhancerBySpringCGLIB$$e1a3c3e0.<init>(<generated>) ~[spring-boot-autoconfigure-2.0.4.RELEASE.jar:2.0.4.RELEASE]
	at java.base/jdk.internal.reflect.NativeConstructorAccessorImpl.newInstance0(Native Method) ~[na:na]
	at java.base/jdk.internal.reflect.NativeConstructorAccessorImpl.newInstance(NativeConstructorAccessorImpl.java:62) ~[na:na]
	at java.base/jdk.internal.reflect.DelegatingConstructorAccessorImpl.newInstance(DelegatingConstructorAccessorImpl.java:45) ~[na:na]
	at java.base/java.lang.reflect.Constructor.newInstance(Constructor.java:490) ~[na:na]
	at org.springframework.beans.BeanUtils.instantiateClass(BeanUtils.java:170) ~[spring-beans-5.0.8.RELEASE.jar:5.0.8.RELEASE]
	... 83 common frames omitted
Caused by: org.springframework.beans.BeanInstantiationException: Failed to instantiate [org.springframework.data.couchbase.config.CouchbaseConfigurer]: Factory method 'springBootCouchbaseConfigurer' threw exception; nested exception is org.springframework.beans.factory.BeanCreationException: Error creating bean with name 'couchbaseClient' defined in class path resource [org/springframework/boot/autoconfigure/couchbase/CouchbaseAutoConfiguration$CouchbaseConfiguration.class]: Bean instantiation via factory method failed; nested exception is org.springframework.beans.BeanInstantiationException: Failed to instantiate [com.couchbase.client.java.Bucket]: Factory method 'couchbaseClient' threw exception; nested exception is com.couchbase.client.core.config.ConfigurationException: Could not open bucket.
	at org.springframework.beans.factory.support.SimpleInstantiationStrategy.instantiate(SimpleInstantiationStrategy.java:185) ~[spring-beans-5.0.8.RELEASE.jar:5.0.8.RELEASE]
	at org.springframework.beans.factory.support.ConstructorResolver.instantiateUsingFactoryMethod(ConstructorResolver.java:582) ~[spring-beans-5.0.8.RELEASE.jar:5.0.8.RELEASE]
	... 101 common frames omitted
Caused by: org.springframework.beans.factory.BeanCreationException: Error creating bean with name 'couchbaseClient' defined in class path resource [org/springframework/boot/autoconfigure/couchbase/CouchbaseAutoConfiguration$CouchbaseConfiguration.class]: Bean instantiation via factory method failed; nested exception is org.springframework.beans.BeanInstantiationException: Failed to instantiate [com.couchbase.client.java.Bucket]: Factory method 'couchbaseClient' threw exception; nested exception is com.couchbase.client.core.config.ConfigurationException: Could not open bucket.
	at org.springframework.beans.factory.support.ConstructorResolver.instantiateUsingFactoryMethod(ConstructorResolver.java:590) ~[spring-beans-5.0.8.RELEASE.jar:5.0.8.RELEASE]
	at org.springframework.beans.factory.support.AbstractAutowireCapableBeanFactory.instantiateUsingFactoryMethod(AbstractAutowireCapableBeanFactory.java:1247) ~[spring-beans-5.0.8.RELEASE.jar:5.0.8.RELEASE]
	at org.springframework.beans.factory.support.AbstractAutowireCapableBeanFactory.createBeanInstance(AbstractAutowireCapableBeanFactory.java:1096) ~[spring-beans-5.0.8.RELEASE.jar:5.0.8.RELEASE]
	at org.springframework.beans.factory.support.AbstractAutowireCapableBeanFactory.doCreateBean(AbstractAutowireCapableBeanFactory.java:535) ~[spring-beans-5.0.8.RELEASE.jar:5.0.8.RELEASE]
	at org.springframework.beans.factory.support.AbstractAutowireCapableBeanFactory.createBean(AbstractAutowireCapableBeanFactory.java:495) ~[spring-beans-5.0.8.RELEASE.jar:5.0.8.RELEASE]
	at org.springframework.beans.factory.support.AbstractBeanFactory.lambda$doGetBean$0(AbstractBeanFactory.java:317) ~[spring-beans-5.0.8.RELEASE.jar:5.0.8.RELEASE]
	at org.springframework.beans.factory.support.DefaultSingletonBeanRegistry.getSingleton(DefaultSingletonBeanRegistry.java:222) ~[spring-beans-5.0.8.RELEASE.jar:5.0.8.RELEASE]
	at org.springframework.beans.factory.support.AbstractBeanFactory.doGetBean(AbstractBeanFactory.java:315) ~[spring-beans-5.0.8.RELEASE.jar:5.0.8.RELEASE]
	at org.springframework.beans.factory.support.AbstractBeanFactory.getBean(AbstractBeanFactory.java:199) ~[spring-beans-5.0.8.RELEASE.jar:5.0.8.RELEASE]
	at org.springframework.beans.factory.support.AbstractBeanFactory.doGetBean(AbstractBeanFactory.java:304) ~[spring-beans-5.0.8.RELEASE.jar:5.0.8.RELEASE]
	at org.springframework.beans.factory.support.AbstractBeanFactory.getBean(AbstractBeanFactory.java:199) ~[spring-beans-5.0.8.RELEASE.jar:5.0.8.RELEASE]
	at org.springframework.context.annotation.ConfigurationClassEnhancer$BeanMethodInterceptor.resolveBeanReference(ConfigurationClassEnhancer.java:392) ~[spring-context-5.0.8.RELEASE.jar:5.0.8.RELEASE]
	at org.springframework.context.annotation.ConfigurationClassEnhancer$BeanMethodInterceptor.intercept(ConfigurationClassEnhancer.java:364) ~[spring-context-5.0.8.RELEASE.jar:5.0.8.RELEASE]
	at org.springframework.boot.autoconfigure.couchbase.CouchbaseAutoConfiguration$CouchbaseConfiguration$$EnhancerBySpringCGLIB$$7b69f745.couchbaseClusterInfo(<generated>) ~[spring-boot-autoconfigure-2.0.4.RELEASE.jar:2.0.4.RELEASE]
	at org.springframework.boot.autoconfigure.data.couchbase.CouchbaseConfigurerAdapterConfiguration.springBootCouchbaseConfigurer(CouchbaseConfigurerAdapterConfiguration.java:50) ~[spring-boot-autoconfigure-2.0.4.RELEASE.jar:2.0.4.RELEASE]
	at org.springframework.boot.autoconfigure.data.couchbase.CouchbaseConfigurerAdapterConfiguration$$EnhancerBySpringCGLIB$$6da905b8.CGLIB$springBootCouchbaseConfigurer$0(<generated>) ~[spring-boot-autoconfigure-2.0.4.RELEASE.jar:2.0.4.RELEASE]
	at org.springframework.boot.autoconfigure.data.couchbase.CouchbaseConfigurerAdapterConfiguration$$EnhancerBySpringCGLIB$$6da905b8$$FastClassBySpringCGLIB$$555fc6f.invoke(<generated>) ~[spring-boot-autoconfigure-2.0.4.RELEASE.jar:2.0.4.RELEASE]
	at org.springframework.cglib.proxy.MethodProxy.invokeSuper(MethodProxy.java:228) ~[spring-core-5.0.8.RELEASE.jar:5.0.8.RELEASE]
	at org.springframework.context.annotation.ConfigurationClassEnhancer$BeanMethodInterceptor.intercept(ConfigurationClassEnhancer.java:361) ~[spring-context-5.0.8.RELEASE.jar:5.0.8.RELEASE]
	at org.springframework.boot.autoconfigure.data.couchbase.CouchbaseConfigurerAdapterConfiguration$$EnhancerBySpringCGLIB$$6da905b8.springBootCouchbaseConfigurer(<generated>) ~[spring-boot-autoconfigure-2.0.4.RELEASE.jar:2.0.4.RELEASE]
	at java.base/jdk.internal.reflect.NativeMethodAccessorImpl.invoke0(Native Method) ~[na:na]
	at java.base/jdk.internal.reflect.NativeMethodAccessorImpl.invoke(NativeMethodAccessorImpl.java:62) ~[na:na]
	at java.base/jdk.internal.reflect.DelegatingMethodAccessorImpl.invoke(DelegatingMethodAccessorImpl.java:43) ~[na:na]
	at java.base/java.lang.reflect.Method.invoke(Method.java:566) ~[na:na]
	at org.springframework.beans.factory.support.SimpleInstantiationStrategy.instantiate(SimpleInstantiationStrategy.java:154) ~[spring-beans-5.0.8.RELEASE.jar:5.0.8.RELEASE]
	... 102 common frames omitted
Caused by: org.springframework.beans.BeanInstantiationException: Failed to instantiate [com.couchbase.client.java.Bucket]: Factory method 'couchbaseClient' threw exception; nested exception is com.couchbase.client.core.config.ConfigurationException: Could not open bucket.
	at org.springframework.beans.factory.support.SimpleInstantiationStrategy.instantiate(SimpleInstantiationStrategy.java:185) ~[spring-beans-5.0.8.RELEASE.jar:5.0.8.RELEASE]
	at org.springframework.beans.factory.support.ConstructorResolver.instantiateUsingFactoryMethod(ConstructorResolver.java:582) ~[spring-beans-5.0.8.RELEASE.jar:5.0.8.RELEASE]
	... 126 common frames omitted
Caused by: com.couchbase.client.core.config.ConfigurationException: Could not open bucket.
	at com.couchbase.client.core.config.DefaultConfigurationProvider$6.call(DefaultConfigurationProvider.java:296) ~[core-io-1.5.9.jar:na]
	at com.couchbase.client.core.config.DefaultConfigurationProvider$6.call(DefaultConfigurationProvider.java:293) ~[core-io-1.5.9.jar:na]
	at rx.internal.operators.OperatorOnErrorResumeNextViaFunction$4.onError(OperatorOnErrorResumeNextViaFunction.java:140) ~[rxjava-1.3.8.jar:1.3.8]
	at rx.internal.operators.OnSubscribeDoOnEach$DoOnEachSubscriber.onError(OnSubscribeDoOnEach.java:87) ~[rxjava-1.3.8.jar:1.3.8]
	at rx.internal.operators.OnSubscribeDoOnEach$DoOnEachSubscriber.onError(OnSubscribeDoOnEach.java:87) ~[rxjava-1.3.8.jar:1.3.8]
	at rx.internal.operators.OnSubscribeMap$MapSubscriber.onError(OnSubscribeMap.java:88) ~[rxjava-1.3.8.jar:1.3.8]
	at rx.internal.operators.OnSubscribeDoOnEach$DoOnEachSubscriber.onError(OnSubscribeDoOnEach.java:87) ~[rxjava-1.3.8.jar:1.3.8]
	at rx.internal.operators.OperatorTake$1.onError(OperatorTake.java:66) ~[rxjava-1.3.8.jar:1.3.8]
	at rx.internal.operators.OperatorMerge$MergeSubscriber.reportError(OperatorMerge.java:266) ~[rxjava-1.3.8.jar:1.3.8]
	at rx.internal.operators.OperatorMerge$MergeSubscriber.emitLoop(OperatorMerge.java:658) ~[rxjava-1.3.8.jar:1.3.8]
	at rx.internal.operators.OperatorMerge$MergeSubscriber.emit(OperatorMerge.java:568) ~[rxjava-1.3.8.jar:1.3.8]
	at rx.internal.operators.OperatorMerge$InnerSubscriber.onError(OperatorMerge.java:855) ~[rxjava-1.3.8.jar:1.3.8]
	at rx.internal.operators.OperatorOnErrorResumeNextViaFunction$4$1.onError(OperatorOnErrorResumeNextViaFunction.java:122) ~[rxjava-1.3.8.jar:1.3.8]
	at rx.internal.operators.OnSubscribeMap$MapSubscriber.onError(OnSubscribeMap.java:88) ~[rxjava-1.3.8.jar:1.3.8]
	at rx.internal.operators.OperatorMerge$MergeSubscriber.reportError(OperatorMerge.java:266) ~[rxjava-1.3.8.jar:1.3.8]
	at rx.internal.operators.OperatorMerge$MergeSubscriber.checkTerminate(OperatorMerge.java:818) ~[rxjava-1.3.8.jar:1.3.8]
	at rx.internal.operators.OperatorMerge$MergeSubscriber.emitLoop(OperatorMerge.java:579) ~[rxjava-1.3.8.jar:1.3.8]
	at rx.internal.operators.OperatorMerge$MergeSubscriber.emit(OperatorMerge.java:568) ~[rxjava-1.3.8.jar:1.3.8]
	at rx.internal.operators.OperatorMerge$InnerSubscriber.onError(OperatorMerge.java:855) ~[rxjava-1.3.8.jar:1.3.8]
	at rx.internal.operators.OnSubscribeMap$MapSubscriber.onError(OnSubscribeMap.java:88) ~[rxjava-1.3.8.jar:1.3.8]
	at rx.internal.operators.OperatorMerge$MergeSubscriber.reportError(OperatorMerge.java:266) ~[rxjava-1.3.8.jar:1.3.8]
	at rx.internal.operators.OperatorMerge$MergeSubscriber.checkTerminate(OperatorMerge.java:818) ~[rxjava-1.3.8.jar:1.3.8]
	at rx.internal.operators.OperatorMerge$MergeSubscriber.emitLoop(OperatorMerge.java:579) ~[rxjava-1.3.8.jar:1.3.8]
	at rx.internal.operators.OperatorMerge$MergeSubscriber.emit(OperatorMerge.java:568) ~[rxjava-1.3.8.jar:1.3.8]
	at rx.internal.operators.OperatorMerge$MergeSubscriber.onError(OperatorMerge.java:276) ~[rxjava-1.3.8.jar:1.3.8]
	at rx.internal.operators.OnSubscribeMap$MapSubscriber.onError(OnSubscribeMap.java:88) ~[rxjava-1.3.8.jar:1.3.8]
	at rx.subjects.SubjectSubscriptionManager$SubjectObserver.onError(SubjectSubscriptionManager.java:227) ~[rxjava-1.3.8.jar:1.3.8]
	at rx.subjects.AsyncSubject.onError(AsyncSubject.java:116) ~[rxjava-1.3.8.jar:1.3.8]
	at com.couchbase.client.core.service.AbstractOnDemandService$1.onError(AbstractOnDemandService.java:56) ~[core-io-1.5.9.jar:na]
	at rx.observers.SafeSubscriber._onError(SafeSubscriber.java:153) ~[rxjava-1.3.8.jar:1.3.8]
	at rx.observers.SafeSubscriber.onError(SafeSubscriber.java:115) ~[rxjava-1.3.8.jar:1.3.8]
	at rx.subjects.SubjectSubscriptionManager$SubjectObserver.onError(SubjectSubscriptionManager.java:227) ~[rxjava-1.3.8.jar:1.3.8]
	at rx.subjects.AsyncSubject.onError(AsyncSubject.java:116) ~[rxjava-1.3.8.jar:1.3.8]
	at com.couchbase.client.core.endpoint.AbstractEndpoint$2.onSuccess(AbstractEndpoint.java:442) ~[core-io-1.5.9.jar:na]
	at com.couchbase.client.core.endpoint.AbstractEndpoint$2.onSuccess(AbstractEndpoint.java:393) ~[core-io-1.5.9.jar:na]
	at rx.internal.operators.SingleOperatorOnErrorResumeNext$2.onSuccess(SingleOperatorOnErrorResumeNext.java:63) ~[rxjava-1.3.8.jar:1.3.8]
	at rx.internal.operators.SingleTimeout$TimeoutSingleSubscriber.onSuccess(SingleTimeout.java:79) ~[rxjava-1.3.8.jar:1.3.8]
	at com.couchbase.client.core.endpoint.AbstractEndpoint$4$1.operationComplete(AbstractEndpoint.java:370) ~[core-io-1.5.9.jar:na]
	at com.couchbase.client.core.endpoint.AbstractEndpoint$4$1.operationComplete(AbstractEndpoint.java:354) ~[core-io-1.5.9.jar:na]
	at com.couchbase.client.deps.io.netty.util.concurrent.DefaultPromise.notifyListener0(DefaultPromise.java:507) ~[core-io-1.5.9.jar:na]
	at com.couchbase.client.deps.io.netty.util.concurrent.DefaultPromise.notifyListeners0(DefaultPromise.java:500) ~[core-io-1.5.9.jar:na]
	at com.couchbase.client.deps.io.netty.util.concurrent.DefaultPromise.notifyListenersNow(DefaultPromise.java:479) ~[core-io-1.5.9.jar:na]
	at com.couchbase.client.deps.io.netty.util.concurrent.DefaultPromise.notifyListeners(DefaultPromise.java:420) ~[core-io-1.5.9.jar:na]
	at com.couchbase.client.deps.io.netty.util.concurrent.DefaultPromise.tryFailure(DefaultPromise.java:122) ~[core-io-1.5.9.jar:na]
	at com.couchbase.client.deps.io.netty.channel.nio.AbstractNioChannel$AbstractNioUnsafe.fulfillConnectPromise(AbstractNioChannel.java:278) ~[core-io-1.5.9.jar:na]
	at com.couchbase.client.deps.io.netty.channel.nio.AbstractNioChannel$AbstractNioUnsafe.finishConnect(AbstractNioChannel.java:294) ~[core-io-1.5.9.jar:na]
	at com.couchbase.client.deps.io.netty.channel.nio.NioEventLoop.processSelectedKey(NioEventLoop.java:634) ~[core-io-1.5.9.jar:na]
	at com.couchbase.client.deps.io.netty.channel.nio.NioEventLoop.processSelectedKeysOptimized(NioEventLoop.java:581) ~[core-io-1.5.9.jar:na]
	at com.couchbase.client.deps.io.netty.channel.nio.NioEventLoop.processSelectedKeys(NioEventLoop.java:498) ~[core-io-1.5.9.jar:na]
	at com.couchbase.client.deps.io.netty.channel.nio.NioEventLoop.run(NioEventLoop.java:460) ~[core-io-1.5.9.jar:na]
	at com.couchbase.client.deps.io.netty.util.concurrent.SingleThreadEventExecutor$2.run(SingleThreadEventExecutor.java:131) ~[core-io-1.5.9.jar:na]
	at com.couchbase.client.deps.io.netty.util.concurrent.FastThreadLocalRunnable.run(FastThreadLocalRunnable.java:30) ~[core-io-1.5.9.jar:na]
	at java.base/java.lang.Thread.run(Thread.java:834) ~[na:na]
Caused by: com.couchbase.client.deps.io.netty.channel.AbstractChannel$AnnotatedConnectException: Connection refused: localhost/127.0.0.1:8091
	at java.base/sun.nio.ch.SocketChannelImpl.checkConnect(Native Method) ~[na:na]
	at java.base/sun.nio.ch.SocketChannelImpl.finishConnect(SocketChannelImpl.java:779) ~[na:na]
	at com.couchbase.client.deps.io.netty.channel.socket.nio.NioSocketChannel.doFinishConnect(NioSocketChannel.java:225) ~[core-io-1.5.9.jar:na]
	at com.couchbase.client.deps.io.netty.channel.nio.AbstractNioChannel$AbstractNioUnsafe.finishConnect(AbstractNioChannel.java:291) ~[core-io-1.5.9.jar:na]
	... 7 common frames omitted
Caused by: java.net.ConnectException: Connection refused
	... 11 common frames omitted

]]></system-out>
  </testcase>
</testsuite>